生成启动时间为 16-5-17 9:56:03。
     1>项目“E:\Code\MyProject\DuiProject\ProjectS\duilib\duilib.vcxproj”在节点 2 上(Rebuild 个目标)。
     1>ClCompile:
         D:\Program\Microsoft Visual Studio 14.0\VC\bin\CL.exe /c /Zi /nologo /W3 /WX- /Od /Oy- /D WIN32 /D _DEBUG /D _WINDOWS /D UILIB_EXPORTS /D _VC80_UPGRADE=0x0600 /D _USING_V110_SDK71_ /D _WINDLL /D _UNICODE /D UNICODE /GF /Gm /EHsc /RTC1 /MTd /GS /fp:precise /Zc:wchar_t /Zc:forScope /Zc:inline /Yc"StdAfx.h" /Fp"E:\Code\MyProject\DuiProject\ProjectS\duilib\..\build\duilib\Debug\obj\duilib\duilib_d.pch" /Fo"E:\Code\MyProject\DuiProject\ProjectS\duilib\..\build\duilib\Debug\obj\duilib\\" /Fd"E:\Code\MyProject\DuiProject\ProjectS\duilib\..\build\duilib\Debug\obj\duilib\vc140.pdb" /Gd /TP /analyze- /errorReport:prompt StdAfx.cpp
         StdAfx.cpp
     1>e:\code\myproject\duiproject\projects\duilib\Core/UIManager.h(45): warning C4091: “typedef ”: 没有声明变量时忽略“DuiLib::EVENTTYPE_UI”的左侧
         D:\Program\Microsoft Visual Studio 14.0\VC\bin\CL.exe /c /Zi /nologo /W3 /WX- /Od /Oy- /D WIN32 /D _DEBUG /D _WINDOWS /D UILIB_EXPORTS /D _VC80_UPGRADE=0x0600 /D _USING_V110_SDK71_ /D _WINDLL /D _UNICODE /D UNICODE /GF /Gm /EHsc /RTC1 /MTd /GS /fp:precise /Zc:wchar_t /Zc:forScope /Zc:inline /Yu"stdafx.h" /Fp"E:\Code\MyProject\DuiProject\ProjectS\duilib\..\build\duilib\Debug\obj\duilib\duilib_d.pch" /Fo"E:\Code\MyProject\DuiProject\ProjectS\duilib\..\build\duilib\Debug\obj\duilib\\" /Fd"E:\Code\MyProject\DuiProject\ProjectS\duilib\..\build\duilib\Debug\obj\duilib\vc140.pdb" /Gd /TP /analyze- /errorReport:prompt Control\UIActiveX.cpp Control\UIButton.cpp Control\UICheckBox.cpp Control\UICombo.cpp Control\UIComboBox.cpp Control\UIDateTime.cpp Control\UIEdit.cpp Control\UILabel.cpp Control\UIList.cpp Control\UIOption.cpp Control\UIProgress.cpp Control\UIRadioBox.cpp Control\UIRichEdit.cpp Control\UIScrollBar.cpp Control\UISlider.cpp Control\UIText.cpp Control\UITreeView.cpp Control\UIWebBrowser.cpp Core\UIBase.cpp Core\UIContainer.cpp Core\UIControl.cpp Core\UIDlgBuilder.cpp Core\UIManager.cpp Core\UIMarkup.cpp Core\UIRender.cpp Layout\UIChildLayout.cpp Layout\UIHorizontalLayout.cpp Layout\UITabLayout.cpp Layout\UITileLayout.cpp Layout\UIVerticalLayout.cpp UIlib.cpp Utils\UIDelegate.cpp Utils\Utils.cpp
         Utils.cpp
         UIDelegate.cpp
         UIlib.cpp
         UIVerticalLayout.cpp
     1>Layout\UIVerticalLayout.cpp(250): warning C4302: “类型转换”: 从“LPWSTR”到“WORD”截断
         UITileLayout.cpp
         UITabLayout.cpp
         UIHorizontalLayout.cpp
     1>Layout\UIHorizontalLayout.cpp(319): warning C4302: “类型转换”: 从“LPWSTR”到“WORD”截断
         UIChildLayout.cpp
         UIRender.cpp
     1>Core\UIRender.cpp(1131): warning C4838: 从“int”转换到“COLOR16”需要收缩转换
         UIMarkup.cpp
         UIManager.cpp
         UIDlgBuilder.cpp
         UIControl.cpp
     1>Core\UIControl.cpp(720): warning C4302: “类型转换”: 从“LPWSTR”到“WORD”截断
         UIContainer.cpp
         UIBase.cpp
         UIWebBrowser.cpp
         UITreeView.cpp
         UIText.cpp
     1>Control\UIText.cpp(52): warning C4302: “类型转换”: 从“LPWSTR”到“WORD”截断
         UISlider.cpp
     1>Control\UISlider.cpp(174): warning C4302: “类型转换”: 从“LPWSTR”到“WORD”截断
         UIScrollBar.cpp
         正在生成代码...
         正在编译...
         UIRichEdit.cpp
         UIRadioBox.cpp
         UIProgress.cpp
         UIOption.cpp
         UIList.cpp
     1>Control\UIList.cpp(1475): warning C4302: “类型转换”: 从“LPWSTR”到“WORD”截断
     1>Control\UIList.cpp(2014): warning C4302: “类型转换”: 从“LPWSTR”到“WORD”截断
         UILabel.cpp
         UIEdit.cpp
     1>Control\UIEdit.cpp(193): warning C4302: “类型转换”: 从“LPWSTR”到“WORD”截断
         UIDateTime.cpp
     1>Control\UIDateTime.cpp(230): warning C4302: “类型转换”: 从“LPWSTR”到“WORD”截断
         UIComboBox.cpp
         UICombo.cpp
         UICheckBox.cpp
         UIButton.cpp
     1>Control\UIButton.cpp(106): warning C4302: “类型转换”: 从“LPWSTR”到“WORD”截断
         UIActiveX.cpp
         正在生成代码...
         D:\Program\Microsoft Visual Studio 14.0\VC\bin\CL.exe /c /Zi /nologo /W3 /WX- /Od /Oy- /D WIN32 /D _DEBUG /D _WINDOWS /D UILIB_EXPORTS /D _VC80_UPGRADE=0x0600 /D _USING_V110_SDK71_ /D _WINDLL /D _UNICODE /D UNICODE /GF /Gm /EHsc /RTC1 /MTd /GS /fp:precise /Zc:wchar_t /Zc:forScope /Zc:inline /Fo"E:\Code\MyProject\DuiProject\ProjectS\duilib\..\build\duilib\Debug\obj\duilib\\" /Fd"E:\Code\MyProject\DuiProject\ProjectS\duilib\..\build\duilib\Debug\obj\duilib\vc140.pdb" /Gd /TC /analyze- /errorReport:prompt Utils\stb_image.c
         stb_image.c
         D:\Program\Microsoft Visual Studio 14.0\VC\bin\CL.exe /c /Zi /nologo /W3 /WX- /Od /Oy- /D WIN32 /D _DEBUG /D _WINDOWS /D UILIB_EXPORTS /D _VC80_UPGRADE=0x0600 /D _USING_V110_SDK71_ /D _WINDLL /D _UNICODE /D UNICODE /GF /Gm /EHsc /RTC1 /MTd /GS /fp:precise /Zc:wchar_t /Zc:forScope /Zc:inline /Fo"E:\Code\MyProject\DuiProject\ProjectS\duilib\..\build\duilib\Debug\obj\duilib\\" /Fd"E:\Code\MyProject\DuiProject\ProjectS\duilib\..\build\duilib\Debug\obj\duilib\vc140.pdb" /Gd /TP /analyze- /errorReport:prompt Utils\XUnzip.cpp
         XUnzip.cpp
     1>Utils\XUnzip.cpp : fatal error C1041: 无法打开程序数据库“E:\Code\MyProject\DuiProject\ProjectS\build\duilib\Debug\obj\duilib\vc140.idb”；如果要将多个 CL.EXE 写入同一个 .PDB 文件，请使用 /FS
     1>已完成生成项目“E:\Code\MyProject\DuiProject\ProjectS\duilib\duilib.vcxproj”(Rebuild 个目标)的操作 - 失败。

项目性能摘要:
    51406 毫秒 E:\Code\MyProject\DuiProject\ProjectS\duilib\duilib.vcxproj   1 次调用
              51406 毫秒 Rebuild                                    1 次调用

目标性能摘要:
        0 毫秒 _BuildGenerateSourcesAction                1 次调用
        0 毫秒 PGInstrumentedClean                        1 次调用
        0 毫秒 BuildGenerateSourcesTraverse               1 次调用
        0 毫秒 AfterCppClean                              1 次调用
        0 毫秒 AssignProjectConfiguration                 1 次调用
        0 毫秒 _PrepareForBuild                           1 次调用
        0 毫秒 PreBuildEvent                              1 次调用
        0 毫秒 BeforeClean                                1 次调用
        0 毫秒 ComputeMIDLGeneratedCompileInputs          1 次调用
        0 毫秒 SelectClCompile                            1 次调用
        0 毫秒 Clean                                      1 次调用
        0 毫秒 CleanPublishFolder                         1 次调用
        0 毫秒 ResolveProjectReferences                   1 次调用
        0 毫秒 MakeDirsForMidl                            1 次调用
        0 毫秒 GetFrameworkPaths                          1 次调用
        0 毫秒 ComputeReferenceCLInput                    1 次调用
        0 毫秒 _PrepareForRebuild                         1 次调用
        0 毫秒 _Midl                                      1 次调用
        0 毫秒 AfterResolveReferences                     1 次调用
        0 毫秒 PlatformPrepareForBuild                    1 次调用
        0 毫秒 NoSupportCodeAnalysisXP                    1 次调用
        0 毫秒 AfterBuildGenerateSources                  1 次调用
        0 毫秒 BuildCompileTraverse                       1 次调用
        0 毫秒 ResolveReferences                          1 次调用
        0 毫秒 ResolveSDKReferences                       1 次调用
        0 毫秒 BuildGenerateSources                       1 次调用
        0 毫秒 _Xsd                                       1 次调用
        0 毫秒 GetInstalledSDKLocations                   1 次调用
        0 毫秒 CleanReferencedProjects                    1 次调用
        0 毫秒 BeforeBuildGenerateSources                 1 次调用
        0 毫秒 AfterClean                                 1 次调用
        0 毫秒 SetBuildDefaultEnvironmentVariables        1 次调用
        0 毫秒 ResolveAssemblyReferences                  1 次调用
        0 毫秒 AfterBuildGenerateSourcesEvent             1 次调用
        0 毫秒 GetReferenceAssemblyPaths                  1 次调用
        0 毫秒 CheckWindowsSDK71A                         1 次调用
        0 毫秒 _PrepareForReferenceResolution             1 次调用
        0 毫秒 ComputeCLInputPDBName                      1 次调用
        0 毫秒 GetResolvedWinMD                           1 次调用
        0 毫秒 BeforeCppClean                             1 次调用
        0 毫秒 _PrepareForClean                           1 次调用
        0 毫秒 PrepareForBuild                            1 次调用
        0 毫秒 _SplitProjectReferencesByFileExistence     1 次调用
        0 毫秒 BeforeRebuild                              1 次调用
        0 毫秒 BeforeClCompile                            1 次调用
        0 毫秒 AfterMidl                                  1 次调用
        0 毫秒 CppClean                                   1 次调用
        0 毫秒 BeforeResolveReferences                    1 次调用
        0 毫秒 _SelectedFiles                             1 次调用
        0 毫秒 ExpandSDKReferences                        1 次调用
        1 毫秒 SelectCustomBuild                          1 次调用
        2 毫秒 FixupCLCompileOptions                      1 次调用
        2 毫秒 MakeDirsForCl                              1 次调用
       16 毫秒 _CheckForInvalidConfigurationAndPlatform   1 次调用
       16 毫秒 InitializeBuildStatus                      1 次调用
       16 毫秒 SetCABuildNativeEnvironmentVariables       1 次调用
       22 毫秒 WarnCompileDuplicatedFilename              1 次调用
      132 毫秒 CoreCppClean                               1 次调用
      138 毫秒 CoreClean                                  1 次调用
    51064 毫秒 ClCompile                                  1 次调用

生成失败。

已用时间 00:00:51.40
