d:\onedrive\code\duilibproject\projects\build\duilib\debug\obj\duilib\duilib_d.pch
d:\onedrive\code\duilibproject\projects\build\duilib\debug\obj\duilib\vc140.pdb
d:\onedrive\code\duilibproject\projects\build\duilib\debug\obj\duilib\vc140.idb
d:\onedrive\code\duilibproject\projects\build\duilib\debug\obj\duilib\stdafx.obj
d:\onedrive\code\duilibproject\projects\build\duilib\debug\obj\duilib\uiscrollbar.obj
d:\onedrive\code\duilibproject\projects\build\duilib\debug\obj\duilib\uislider.obj
d:\onedrive\code\duilibproject\projects\build\duilib\debug\obj\duilib\uitext.obj
d:\onedrive\code\duilibproject\projects\build\duilib\debug\obj\duilib\uitreeview.obj
d:\onedrive\code\duilibproject\projects\build\duilib\debug\obj\duilib\uiwebbrowser.obj
d:\onedrive\code\duilibproject\projects\build\duilib\debug\obj\duilib\uibase.obj
d:\onedrive\code\duilibproject\projects\build\duilib\debug\obj\duilib\uicontainer.obj
d:\onedrive\code\duilibproject\projects\build\duilib\debug\obj\duilib\uicontrol.obj
d:\onedrive\code\duilibproject\projects\build\duilib\debug\obj\duilib\uidlgbuilder.obj
d:\onedrive\code\duilibproject\projects\build\duilib\debug\obj\duilib\uimanager.obj
d:\onedrive\code\duilibproject\projects\build\duilib\debug\obj\duilib\uimarkup.obj
d:\onedrive\code\duilibproject\projects\build\duilib\debug\obj\duilib\uirender.obj
d:\onedrive\code\duilibproject\projects\build\duilib\debug\obj\duilib\uichildlayout.obj
d:\onedrive\code\duilibproject\projects\build\duilib\debug\obj\duilib\uihorizontallayout.obj
d:\onedrive\code\duilibproject\projects\build\duilib\debug\obj\duilib\uitablayout.obj
d:\onedrive\code\duilibproject\projects\build\duilib\debug\obj\duilib\uitilelayout.obj
d:\onedrive\code\duilibproject\projects\build\duilib\debug\obj\duilib\uiverticallayout.obj
d:\onedrive\code\duilibproject\projects\build\duilib\debug\obj\duilib\uilib.obj
d:\onedrive\code\duilibproject\projects\build\duilib\debug\obj\duilib\uidelegate.obj
d:\onedrive\code\duilibproject\projects\build\duilib\debug\obj\duilib\utils.obj
d:\onedrive\code\duilibproject\projects\build\duilib\debug\obj\duilib\uiactivex.obj
d:\onedrive\code\duilibproject\projects\build\duilib\debug\obj\duilib\uibutton.obj
d:\onedrive\code\duilibproject\projects\build\duilib\debug\obj\duilib\uicheckbox.obj
d:\onedrive\code\duilibproject\projects\build\duilib\debug\obj\duilib\uicombo.obj
d:\onedrive\code\duilibproject\projects\build\duilib\debug\obj\duilib\uicombobox.obj
d:\onedrive\code\duilibproject\projects\build\duilib\debug\obj\duilib\uidatetime.obj
d:\onedrive\code\duilibproject\projects\build\duilib\debug\obj\duilib\uiedit.obj
d:\onedrive\code\duilibproject\projects\build\duilib\debug\obj\duilib\uilabel.obj
d:\onedrive\code\duilibproject\projects\build\duilib\debug\obj\duilib\uilist.obj
d:\onedrive\code\duilibproject\projects\build\duilib\debug\obj\duilib\uioption.obj
d:\onedrive\code\duilibproject\projects\build\duilib\debug\obj\duilib\uiprogress.obj
d:\onedrive\code\duilibproject\projects\build\duilib\debug\obj\duilib\uiradiobox.obj
d:\onedrive\code\duilibproject\projects\build\duilib\debug\obj\duilib\uirichedit.obj
d:\onedrive\code\duilibproject\projects\build\duilib\debug\obj\duilib\stb_image.obj
d:\onedrive\code\duilibproject\projects\build\duilib\debug\obj\duilib\xunzip.obj
d:\onedrive\code\duilibproject\projects\libs\duilib_d.lib
d:\onedrive\code\duilibproject\projects\libs\duilib_d.exp
d:\onedrive\code\duilibproject\projects\build\duilib\debug\duilib_d.ilk
d:\onedrive\code\duilibproject\projects\build\duilib\debug\duilib_d.dll
d:\onedrive\code\duilibproject\projects\build\duilib\debug\duilib_d.pdb
e:\code\myproject\duiproject\projects\build\duilib\debug\obj\duilib\stb_image.obj
e:\code\myproject\duiproject\projects\build\duilib\debug\obj\duilib\stdafx.obj
e:\code\myproject\duiproject\projects\build\duilib\debug\obj\duilib\uiactivex.obj
e:\code\myproject\duiproject\projects\build\duilib\debug\obj\duilib\uibase.obj
e:\code\myproject\duiproject\projects\build\duilib\debug\obj\duilib\uibutton.obj
e:\code\myproject\duiproject\projects\build\duilib\debug\obj\duilib\uicheckbox.obj
e:\code\myproject\duiproject\projects\build\duilib\debug\obj\duilib\uichildlayout.obj
e:\code\myproject\duiproject\projects\build\duilib\debug\obj\duilib\uicombo.obj
e:\code\myproject\duiproject\projects\build\duilib\debug\obj\duilib\uicombobox.obj
e:\code\myproject\duiproject\projects\build\duilib\debug\obj\duilib\uicontainer.obj
e:\code\myproject\duiproject\projects\build\duilib\debug\obj\duilib\uicontrol.obj
e:\code\myproject\duiproject\projects\build\duilib\debug\obj\duilib\uidatetime.obj
e:\code\myproject\duiproject\projects\build\duilib\debug\obj\duilib\uidelegate.obj
e:\code\myproject\duiproject\projects\build\duilib\debug\obj\duilib\uidlgbuilder.obj
e:\code\myproject\duiproject\projects\build\duilib\debug\obj\duilib\uiedit.obj
e:\code\myproject\duiproject\projects\build\duilib\debug\obj\duilib\uihorizontallayout.obj
e:\code\myproject\duiproject\projects\build\duilib\debug\obj\duilib\uilabel.obj
e:\code\myproject\duiproject\projects\build\duilib\debug\obj\duilib\uilib.obj
e:\code\myproject\duiproject\projects\build\duilib\debug\obj\duilib\uilist.obj
e:\code\myproject\duiproject\projects\build\duilib\debug\obj\duilib\uimanager.obj
e:\code\myproject\duiproject\projects\build\duilib\debug\obj\duilib\uimarkup.obj
e:\code\myproject\duiproject\projects\build\duilib\debug\obj\duilib\uioption.obj
e:\code\myproject\duiproject\projects\build\duilib\debug\obj\duilib\uiprogress.obj
e:\code\myproject\duiproject\projects\build\duilib\debug\obj\duilib\uiradiobox.obj
e:\code\myproject\duiproject\projects\build\duilib\debug\obj\duilib\uirender.obj
e:\code\myproject\duiproject\projects\build\duilib\debug\obj\duilib\uirichedit.obj
e:\code\myproject\duiproject\projects\build\duilib\debug\obj\duilib\uiscrollbar.obj
e:\code\myproject\duiproject\projects\build\duilib\debug\obj\duilib\uislider.obj
e:\code\myproject\duiproject\projects\build\duilib\debug\obj\duilib\uitablayout.obj
e:\code\myproject\duiproject\projects\build\duilib\debug\obj\duilib\uitext.obj
e:\code\myproject\duiproject\projects\build\duilib\debug\obj\duilib\uitilelayout.obj
e:\code\myproject\duiproject\projects\build\duilib\debug\obj\duilib\uitreeview.obj
e:\code\myproject\duiproject\projects\build\duilib\debug\obj\duilib\uiverticallayout.obj
e:\code\myproject\duiproject\projects\build\duilib\debug\obj\duilib\uiwebbrowser.obj
e:\code\myproject\duiproject\projects\build\duilib\debug\obj\duilib\utils.obj
e:\code\myproject\duiproject\projects\build\duilib\debug\obj\duilib\xunzip.obj
e:\code\myproject\duiproject\projects\build\duilib\debug\obj\duilib\duilib_d.pch
e:\code\myproject\duiproject\projects\build\duilib\debug\obj\duilib\vc140.idb
e:\code\myproject\duiproject\projects\build\duilib\debug\obj\duilib\vc140.pdb
e:\code\myproject\duiproject\projects\duilib\..\build\duilib\debug\duilib_d.pdb
e:\code\myproject\duiproject\projects\duilib\..\build\duilib\debug\duilib_d.dll
e:\code\myproject\duiproject\projects\duilib\..\build\duilib\debug\duilib_d.ilk
e:\code\myproject\duiproject\projects\build\duilib\debug\obj\duilib\duilib.tlog\cl.command.1.tlog
e:\code\myproject\duiproject\projects\build\duilib\debug\obj\duilib\duilib.tlog\cl.read.1.tlog
e:\code\myproject\duiproject\projects\build\duilib\debug\obj\duilib\duilib.tlog\cl.write.1.tlog
e:\code\myproject\duiproject\projects\build\duilib\debug\obj\duilib\duilib.tlog\duilib.write.1u.tlog
e:\code\myproject\duiproject\projects\build\duilib\debug\obj\duilib\duilib.tlog\link.command.1.tlog
e:\code\myproject\duiproject\projects\build\duilib\debug\obj\duilib\duilib.tlog\link.read.1.tlog
e:\code\myproject\duiproject\projects\build\duilib\debug\obj\duilib\duilib.tlog\link.write.1.tlog
