生成启动时间为 16-1-19 15:47:07。
     1>项目“D:\OneDrive\Code\DuilibProject\ProjectS\duilib\duilib.vcxproj”在节点 2 上(Rebuild 个目标)。
     1>ClCompile:
         D:\Program\Microsoft Visual Studio 14.0\VC\bin\CL.exe /c /Zi /nologo /W3 /WX- /Od /Oy- /D WIN32 /D NDEBUG /D _WINDOWS /D UILIB_EXPORTS /D _VC80_UPGRADE=0x0600 /D _USING_V110_SDK71_ /D _WINDLL /D _UNICODE /D UNICODE /GF /Gm- /EHsc /MT /GS /Gy /fp:precise /Zc:wchar_t /Zc:forScope /Zc:inline /Yc"StdAfx.h" /Fp"D:\OneDrive\Code\DuilibProject\ProjectS\duilib\..\build\duilib\Release\obj\duilib\duilib.pch" /Fo"D:\OneDrive\Code\DuilibProject\ProjectS\duilib\..\build\duilib\Release\obj\duilib\\" /Fd"D:\OneDrive\Code\DuilibProject\ProjectS\duilib\..\build\duilib\Release\obj\duilib\vc140.pdb" /Gd /TP /analyze- /errorReport:prompt StdAfx.cpp
         StdAfx.cpp
     1>d:\onedrive\code\duilibproject\projects\duilib\Core/UIManager.h(45): warning C4091: “typedef ”: 没有声明变量时忽略“DuiLib::EVENTTYPE_UI”的左侧
         D:\Program\Microsoft Visual Studio 14.0\VC\bin\CL.exe /c /Zi /nologo /W3 /WX- /Od /Oy- /D WIN32 /D NDEBUG /D _WINDOWS /D UILIB_EXPORTS /D _VC80_UPGRADE=0x0600 /D _USING_V110_SDK71_ /D _WINDLL /D _UNICODE /D UNICODE /GF /Gm- /EHsc /MT /GS /Gy /fp:precise /Zc:wchar_t /Zc:forScope /Zc:inline /Yu"stdafx.h" /Fp"D:\OneDrive\Code\DuilibProject\ProjectS\duilib\..\build\duilib\Release\obj\duilib\duilib.pch" /Fo"D:\OneDrive\Code\DuilibProject\ProjectS\duilib\..\build\duilib\Release\obj\duilib\\" /Fd"D:\OneDrive\Code\DuilibProject\ProjectS\duilib\..\build\duilib\Release\obj\duilib\vc140.pdb" /Gd /TP /analyze- /errorReport:prompt Control\UIActiveX.cpp Control\UIButton.cpp Control\UICheckBox.cpp Control\UICombo.cpp Control\UIComboBox.cpp Control\UIDateTime.cpp Control\UIEdit.cpp Control\UILabel.cpp Control\UIList.cpp Control\UIOption.cpp Control\UIProgress.cpp Control\UIRadioBox.cpp Control\UIRichEdit.cpp Control\UIScrollBar.cpp Control\UISlider.cpp Control\UIText.cpp Control\UITreeView.cpp Control\UIWebBrowser.cpp Core\UIBase.cpp Core\UIContainer.cpp Core\UIControl.cpp Core\UIDlgBuilder.cpp Core\UIManager.cpp Core\UIMarkup.cpp Core\UIRender.cpp Layout\UIChildLayout.cpp Layout\UIHorizontalLayout.cpp Layout\UITabLayout.cpp Layout\UITileLayout.cpp Layout\UIVerticalLayout.cpp UIlib.cpp Utils\UIDelegate.cpp Utils\Utils.cpp
         UIActiveX.cpp
         UIButton.cpp
     1>Control\UIButton.cpp(106): warning C4302: “类型转换”: 从“LPWSTR”到“WORD”截断
         UICheckBox.cpp
         UICombo.cpp
         UIComboBox.cpp
         UIDateTime.cpp
     1>Control\UIDateTime.cpp(230): warning C4302: “类型转换”: 从“LPWSTR”到“WORD”截断
         UIEdit.cpp
     1>Control\UIEdit.cpp(193): warning C4302: “类型转换”: 从“LPWSTR”到“WORD”截断
         UILabel.cpp
         UIList.cpp
     1>Control\UIList.cpp(1475): warning C4302: “类型转换”: 从“LPWSTR”到“WORD”截断
     1>Control\UIList.cpp(2014): warning C4302: “类型转换”: 从“LPWSTR”到“WORD”截断
         UIOption.cpp
         UIProgress.cpp
         UIRadioBox.cpp
         UIRichEdit.cpp
         UIScrollBar.cpp
         UISlider.cpp
     1>Control\UISlider.cpp(174): warning C4302: “类型转换”: 从“LPWSTR”到“WORD”截断
         UIText.cpp
     1>Control\UIText.cpp(52): warning C4302: “类型转换”: 从“LPWSTR”到“WORD”截断
         UITreeView.cpp
         UIWebBrowser.cpp
         UIBase.cpp
         UIContainer.cpp
         正在生成代码...
         正在编译...
         UIControl.cpp
     1>Core\UIControl.cpp(720): warning C4302: “类型转换”: 从“LPWSTR”到“WORD”截断
         UIDlgBuilder.cpp
         UIManager.cpp
         UIMarkup.cpp
         UIRender.cpp
     1>Core\UIRender.cpp(1131): warning C4838: 从“int”转换到“COLOR16”需要收缩转换
         UIChildLayout.cpp
         UIHorizontalLayout.cpp
     1>Layout\UIHorizontalLayout.cpp(319): warning C4302: “类型转换”: 从“LPWSTR”到“WORD”截断
         UITabLayout.cpp
         UITileLayout.cpp
         UIVerticalLayout.cpp
     1>Layout\UIVerticalLayout.cpp(250): warning C4302: “类型转换”: 从“LPWSTR”到“WORD”截断
         UIlib.cpp
         UIDelegate.cpp
         Utils.cpp
         正在生成代码...
         D:\Program\Microsoft Visual Studio 14.0\VC\bin\CL.exe /c /Zi /nologo /W3 /WX- /Od /Oy- /D WIN32 /D NDEBUG /D _WINDOWS /D UILIB_EXPORTS /D _VC80_UPGRADE=0x0600 /D _USING_V110_SDK71_ /D _WINDLL /D _UNICODE /D UNICODE /GF /Gm- /EHsc /MT /GS /Gy /fp:precise /Zc:wchar_t /Zc:forScope /Zc:inline /Fo"D:\OneDrive\Code\DuilibProject\ProjectS\duilib\..\build\duilib\Release\obj\duilib\\" /Fd"D:\OneDrive\Code\DuilibProject\ProjectS\duilib\..\build\duilib\Release\obj\duilib\vc140.pdb" /Gd /TC /analyze- /errorReport:prompt Utils\stb_image.c
         stb_image.c
         D:\Program\Microsoft Visual Studio 14.0\VC\bin\CL.exe /c /Zi /nologo /W3 /WX- /Od /Oy- /D WIN32 /D NDEBUG /D _WINDOWS /D UILIB_EXPORTS /D _VC80_UPGRADE=0x0600 /D _USING_V110_SDK71_ /D _WINDLL /D _UNICODE /D UNICODE /GF /Gm- /EHsc /MT /GS /Gy /fp:precise /Zc:wchar_t /Zc:forScope /Zc:inline /Fo"D:\OneDrive\Code\DuilibProject\ProjectS\duilib\..\build\duilib\Release\obj\duilib\\" /Fd"D:\OneDrive\Code\DuilibProject\ProjectS\duilib\..\build\duilib\Release\obj\duilib\vc140.pdb" /Gd /TP /analyze- /errorReport:prompt Utils\XUnzip.cpp
         XUnzip.cpp
       Link:
         D:\Program\Microsoft Visual Studio 14.0\VC\bin\link.exe /ERRORREPORT:PROMPT /OUT:"D:\OneDrive\Code\DuilibProject\ProjectS\duilib\..\build\duilib\Release\duilib.dll" /INCREMENTAL:NO /NOLOGO kernel32.lib user32.lib gdi32.lib winspool.lib comdlg32.lib advapi32.lib shell32.lib ole32.lib oleaut32.lib uuid.lib odbc32.lib odbccp32.lib /MANIFEST:NO /PDB:"D:\OneDrive\Code\DuilibProject\ProjectS\duilib\..\build\duilib\Release\duilib.pdb" /SUBSYSTEM:WINDOWS,"5.01" /TLBID:1 /BASE:"0x11000000" /DYNAMICBASE /NXCOMPAT /IMPLIB:"D:\OneDrive\Code\DuilibProject\ProjectS\duilib\..\libs\duilib.lib" /MACHINE:X86 /SAFESEH /DLL D:\OneDrive\Code\DuilibProject\ProjectS\duilib\..\build\duilib\Release\obj\duilib\UIActiveX.obj
         D:\OneDrive\Code\DuilibProject\ProjectS\duilib\..\build\duilib\Release\obj\duilib\UIButton.obj
         D:\OneDrive\Code\DuilibProject\ProjectS\duilib\..\build\duilib\Release\obj\duilib\UICheckBox.obj
         D:\OneDrive\Code\DuilibProject\ProjectS\duilib\..\build\duilib\Release\obj\duilib\UICombo.obj
         D:\OneDrive\Code\DuilibProject\ProjectS\duilib\..\build\duilib\Release\obj\duilib\UIComboBox.obj
         D:\OneDrive\Code\DuilibProject\ProjectS\duilib\..\build\duilib\Release\obj\duilib\UIDateTime.obj
         D:\OneDrive\Code\DuilibProject\ProjectS\duilib\..\build\duilib\Release\obj\duilib\UIEdit.obj
         D:\OneDrive\Code\DuilibProject\ProjectS\duilib\..\build\duilib\Release\obj\duilib\UILabel.obj
         D:\OneDrive\Code\DuilibProject\ProjectS\duilib\..\build\duilib\Release\obj\duilib\UIList.obj
         D:\OneDrive\Code\DuilibProject\ProjectS\duilib\..\build\duilib\Release\obj\duilib\UIOption.obj
         D:\OneDrive\Code\DuilibProject\ProjectS\duilib\..\build\duilib\Release\obj\duilib\UIProgress.obj
         D:\OneDrive\Code\DuilibProject\ProjectS\duilib\..\build\duilib\Release\obj\duilib\UIRadioBox.obj
         D:\OneDrive\Code\DuilibProject\ProjectS\duilib\..\build\duilib\Release\obj\duilib\UIRichEdit.obj
         D:\OneDrive\Code\DuilibProject\ProjectS\duilib\..\build\duilib\Release\obj\duilib\UIScrollBar.obj
         D:\OneDrive\Code\DuilibProject\ProjectS\duilib\..\build\duilib\Release\obj\duilib\UISlider.obj
         D:\OneDrive\Code\DuilibProject\ProjectS\duilib\..\build\duilib\Release\obj\duilib\UIText.obj
         D:\OneDrive\Code\DuilibProject\ProjectS\duilib\..\build\duilib\Release\obj\duilib\UITreeView.obj
         D:\OneDrive\Code\DuilibProject\ProjectS\duilib\..\build\duilib\Release\obj\duilib\UIWebBrowser.obj
         D:\OneDrive\Code\DuilibProject\ProjectS\duilib\..\build\duilib\Release\obj\duilib\UIBase.obj
         D:\OneDrive\Code\DuilibProject\ProjectS\duilib\..\build\duilib\Release\obj\duilib\UIContainer.obj
         D:\OneDrive\Code\DuilibProject\ProjectS\duilib\..\build\duilib\Release\obj\duilib\UIControl.obj
         D:\OneDrive\Code\DuilibProject\ProjectS\duilib\..\build\duilib\Release\obj\duilib\UIDlgBuilder.obj
         D:\OneDrive\Code\DuilibProject\ProjectS\duilib\..\build\duilib\Release\obj\duilib\UIManager.obj
         D:\OneDrive\Code\DuilibProject\ProjectS\duilib\..\build\duilib\Release\obj\duilib\UIMarkup.obj
         D:\OneDrive\Code\DuilibProject\ProjectS\duilib\..\build\duilib\Release\obj\duilib\UIRender.obj
         D:\OneDrive\Code\DuilibProject\ProjectS\duilib\..\build\duilib\Release\obj\duilib\UIChildLayout.obj
         D:\OneDrive\Code\DuilibProject\ProjectS\duilib\..\build\duilib\Release\obj\duilib\UIHorizontalLayout.obj
         D:\OneDrive\Code\DuilibProject\ProjectS\duilib\..\build\duilib\Release\obj\duilib\UITabLayout.obj
         D:\OneDrive\Code\DuilibProject\ProjectS\duilib\..\build\duilib\Release\obj\duilib\UITileLayout.obj
         D:\OneDrive\Code\DuilibProject\ProjectS\duilib\..\build\duilib\Release\obj\duilib\UIVerticalLayout.obj
         D:\OneDrive\Code\DuilibProject\ProjectS\duilib\..\build\duilib\Release\obj\duilib\StdAfx.obj
         D:\OneDrive\Code\DuilibProject\ProjectS\duilib\..\build\duilib\Release\obj\duilib\UIlib.obj
         D:\OneDrive\Code\DuilibProject\ProjectS\duilib\..\build\duilib\Release\obj\duilib\stb_image.obj
         D:\OneDrive\Code\DuilibProject\ProjectS\duilib\..\build\duilib\Release\obj\duilib\UIDelegate.obj
         D:\OneDrive\Code\DuilibProject\ProjectS\duilib\..\build\duilib\Release\obj\duilib\Utils.obj
         D:\OneDrive\Code\DuilibProject\ProjectS\duilib\..\build\duilib\Release\obj\duilib\XUnzip.obj
           正在创建库 D:\OneDrive\Code\DuilibProject\ProjectS\duilib\..\libs\duilib.lib 和对象 D:\OneDrive\Code\DuilibProject\ProjectS\duilib\..\libs\duilib.exp
         duilib.vcxproj -> D:\OneDrive\Code\DuilibProject\ProjectS\duilib\..\build\duilib\Release\duilib.dll
     1>已完成生成项目“D:\OneDrive\Code\DuilibProject\ProjectS\duilib\duilib.vcxproj”(Rebuild 个目标)的操作。

项目性能摘要:
    10127 毫秒 D:\OneDrive\Code\DuilibProject\ProjectS\duilib\duilib.vcxproj   1 次调用
              10127 毫秒 Rebuild                                    1 次调用

目标性能摘要:
        0 毫秒 BeforeLink                                 1 次调用
        0 毫秒 AfterClean                                 1 次调用
        0 毫秒 ComputeManifestGeneratedLinkerInputs       1 次调用
        0 毫秒 ResolveReferences                          1 次调用
        0 毫秒 NoSupportCodeAnalysisXP                    1 次调用
        0 毫秒 _CheckForCompileOutputs                    1 次调用
        0 毫秒 _Manifest                                  1 次调用
        0 毫秒 CleanReferencedProjects                    1 次调用
        0 毫秒 _PrepareForBuild                           1 次调用
        0 毫秒 PostBuildEvent                             1 次调用
        0 毫秒 _Midl                                      1 次调用
        0 毫秒 BuildCompile                               1 次调用
        0 毫秒 BeforeClean                                1 次调用
        0 毫秒 _ClCompile                                 1 次调用
        0 毫秒 CreateCustomManifestResourceNames          1 次调用
        0 毫秒 AfterCppClean                              1 次调用
        0 毫秒 AfterRebuild                               1 次调用
        0 毫秒 ComputeCLInputPDBName                      1 次调用
        0 毫秒 AfterBuildCompileEvent                     1 次调用
        0 毫秒 GetCopyToOutputDirectoryItems              1 次调用
        0 毫秒 _BuildLinkAction                           1 次调用
        0 毫秒 BeforeResourceCompile                      1 次调用
        0 毫秒 SelectCustomBuild                          1 次调用
        0 毫秒 AfterMidl                                  1 次调用
        0 毫秒 AfterClCompile                             1 次调用
        0 毫秒 ExpandSDKReferences                        1 次调用
        0 毫秒 _CopySourceItemsToOutputDirectory          1 次调用
        0 毫秒 GetFrameworkPaths                          1 次调用
        0 毫秒 _PrepareForClean                           1 次调用
        0 毫秒 ComputeCustomBuildOutput                   1 次调用
        0 毫秒 _Xsd                                       1 次调用
        0 毫秒 AfterBuildGenerateSources                  1 次调用
        0 毫秒 Rebuild                                    1 次调用
        0 毫秒 MakeDirsForBscMake                         1 次调用
        0 毫秒 ComputeLinkSwitches                        1 次调用
        0 毫秒 BeforeRebuild                              1 次调用
        0 毫秒 MakeDirsForResourceCompile                 1 次调用
        0 毫秒 _ResourceCompile                           1 次调用
        0 毫秒 ComputeLinkInputsFromProject               1 次调用
        0 毫秒 BeforeCppClean                             1 次调用
        0 毫秒 AfterResourceCompile                       1 次调用
        0 毫秒 BuildLinkTraverse                          1 次调用
        0 毫秒 ComputeRCOutputs                           1 次调用
        0 毫秒 _XdcMake                                   1 次调用
        0 毫秒 CreateSatelliteAssemblies                  1 次调用
        0 毫秒 ComputeCLCompileGeneratedSbrFiles          1 次调用
        0 毫秒 Clean                                      1 次调用
        0 毫秒 CleanPublishFolder                         1 次调用
        0 毫秒 PreLinkEvent                               1 次调用
        0 毫秒 ComputeMIDLGeneratedCompileInputs          1 次调用
        0 毫秒 _GenerateSatelliteAssemblyInputs           1 次调用
        0 毫秒 PrepareResourceNames                       1 次调用
        0 毫秒 AfterBuildGenerateSourcesEvent             1 次调用
        0 毫秒 BeforeClCompile                            1 次调用
        0 毫秒 _SelectedFiles                             1 次调用
        0 毫秒 AfterResolveReferences                     1 次调用
        0 毫秒 SelectClCompile                            1 次调用
        0 毫秒 PrepareForRun                              1 次调用
        0 毫秒 PreBuildEvent                              1 次调用
        0 毫秒 MakeDirsForMidl                            1 次调用
        0 毫秒 CheckWindowsSDK71A                         1 次调用
        0 毫秒 _BscMake                                   1 次调用
        0 毫秒 _Appverifier                               1 次调用
        0 毫秒 _BuildGenerateSourcesAction                1 次调用
        0 毫秒 BuildLink                                  1 次调用
        0 毫秒 ResolveSDKReferences                       1 次调用
        0 毫秒 _ALink                                     1 次调用
        0 毫秒 ComputeCLGeneratedLinkInputs               1 次调用
        0 毫秒 _SplitProjectReferencesByFileExistence     1 次调用
        0 毫秒 AssignTargetPaths                          1 次调用
        0 毫秒 AfterLink                                  1 次调用
        0 毫秒 _Link                                      1 次调用
        0 毫秒 BeforeResolveReferences                    1 次调用
        0 毫秒 _PrepareForRebuild                         1 次调用
        0 毫秒 _Deploy                                    1 次调用
        0 毫秒 _PrepareForReferenceResolution             1 次调用
        0 毫秒 CppClean                                   1 次调用
        0 毫秒 Build                                      1 次调用
        0 毫秒 ComputeRCGeneratedLinkInputs               1 次调用
        0 毫秒 ResolvedXDCMake                            1 次调用
        0 毫秒 PlatformPrepareForBuild                    1 次调用
        0 毫秒 MakeDirsForXdcMake                         1 次调用
        0 毫秒 BeforeBuildGenerateSources                 1 次调用
        0 毫秒 BuildGenerateSources                       1 次调用
        0 毫秒 GetInstalledSDKLocations                   1 次调用
        0 毫秒 _BuildCompileAction                        1 次调用
        0 毫秒 ResolveProjectReferences                   1 次调用
        1 毫秒 GetResolvedWinMD                           1 次调用
        1 毫秒 SetBuildDefaultEnvironmentVariables        1 次调用
        1 毫秒 GetReferenceAssemblyPaths                  1 次调用
        1 毫秒 ComputeManifestInputsTargets               1 次调用
        1 毫秒 FinalizeBuildStatus                        1 次调用
        1 毫秒 BuildGenerateSourcesTraverse               1 次调用
        1 毫秒 GetCopyToOutputDirectoryXamlAppDefs        1 次调用
        1 毫秒 PGInstrumentedClean                        1 次调用
        1 毫秒 MakeDirsForLink                            1 次调用
        1 毫秒 ComputeCLCompileGeneratedXDCFiles          1 次调用
        1 毫秒 DoLinkOutputFilesMatch                     1 次调用
        1 毫秒 AssignProjectConfiguration                 1 次调用
        1 毫秒 ComputeLegacyManifestEmbedding             1 次调用
        1 毫秒 BuildCompileTraverse                       1 次调用
        1 毫秒 MakeDirsForCl                              1 次调用
        1 毫秒 _CheckForInvalidConfigurationAndPlatform   1 次调用
        1 毫秒 FixupCLCompileOptions                      1 次调用
        1 毫秒 CoreClean                                  1 次调用
        1 毫秒 CopyFilesToOutputDirectory                 1 次调用
        1 毫秒 ComputeReferenceCLInput                    1 次调用
        1 毫秒 SplitResourcesByCulture                    1 次调用
        1 毫秒 ResolveAssemblyReferences                  1 次调用
        1 毫秒 AfterBuild                                 1 次调用
        2 毫秒 ComputeCLOutputs                           1 次调用
        4 毫秒 SetCABuildNativeEnvironmentVariables       1 次调用
        6 毫秒 CoreCppClean                               1 次调用
        6 毫秒 InitializeBuildStatus                      1 次调用
       11 毫秒 WarnCompileDuplicatedFilename              1 次调用
       15 毫秒 PrepareForBuild                            1 次调用
       18 毫秒 ComputeLinkImportLibraryOutputsForClean    1 次调用
     3511 毫秒 Link                                       1 次调用
     6526 毫秒 ClCompile                                  1 次调用

已成功生成。

已用时间 00:00:10.12
