c:\users\jhp19\onedrive\code\duilibproject\projects\build\libvlcdemo1\obj\libvlcdemo1.pch
c:\users\jhp19\onedrive\code\duilibproject\projects\build\libvlcdemo1\obj\vc140.pdb
c:\users\jhp19\onedrive\code\duilibproject\projects\build\libvlcdemo1\obj\vc140.idb
c:\users\jhp19\onedrive\code\duilibproject\projects\build\libvlcdemo1\obj\stdafx.obj
c:\users\jhp19\onedrive\code\duilibproject\projects\build\libvlcdemo1\obj\libvlcdemo1.obj
c:\users\jhp19\onedrive\code\duilibproject\projects\build\libvlcdemo1\obj\libvlc_manager.obj
c:\users\jhp19\onedrive\code\duilibproject\projects\build\libvlcdemo1\libvlcdemo1.ilk
c:\users\jhp19\onedrive\code\duilibproject\projects\build\libvlcdemo1\libvlcdemo1.exe
c:\users\jhp19\onedrive\code\duilibproject\projects\build\libvlcdemo1\libvlcdemo1.pdb
c:\users\jhp19\onedrive\code\duilibproject\projects\build\libvlcdemo1\obj\libvlcdemo1.res
d:\onedrive\code\duilibproject\projects\build\libvlcdemo1\obj\libvlcdemo1.obj
d:\onedrive\code\duilibproject\projects\build\libvlcdemo1\obj\libvlc_manager.obj
d:\onedrive\code\duilibproject\projects\build\libvlcdemo1\obj\stdafx.obj
d:\onedrive\code\duilibproject\projects\build\libvlcdemo1\obj\libvlcdemo1.res
d:\onedrive\code\duilibproject\projects\build\libvlcdemo1\obj\libvlcdemo1.pch
d:\onedrive\code\duilibproject\projects\build\libvlcdemo1\obj\vc140.idb
d:\onedrive\code\duilibproject\projects\build\libvlcdemo1\obj\vc140.pdb
d:\onedrive\code\duilibproject\projects\libvlcdemo1\..\build\libvlcdemo1\libvlcdemo1.exe
d:\onedrive\code\duilibproject\projects\build\libvlcdemo1\obj\libvlcdemo1.tlog\cl.command.1.tlog
d:\onedrive\code\duilibproject\projects\build\libvlcdemo1\obj\libvlcdemo1.tlog\cl.read.1.tlog
d:\onedrive\code\duilibproject\projects\build\libvlcdemo1\obj\libvlcdemo1.tlog\cl.write.1.tlog
d:\onedrive\code\duilibproject\projects\build\libvlcdemo1\obj\libvlcdemo1.tlog\link.command.1.tlog
d:\onedrive\code\duilibproject\projects\build\libvlcdemo1\obj\libvlcdemo1.tlog\link.read.1.tlog
d:\onedrive\code\duilibproject\projects\build\libvlcdemo1\obj\libvlcdemo1.tlog\link.write.1.tlog
d:\onedrive\code\duilibproject\projects\build\libvlcdemo1\obj\libvlcdemo1.tlog\rc.command.1.tlog
d:\onedrive\code\duilibproject\projects\build\libvlcdemo1\obj\libvlcdemo1.tlog\rc.read.1.tlog
d:\onedrive\code\duilibproject\projects\build\libvlcdemo1\obj\libvlcdemo1.tlog\rc.write.1.tlog
