生成启动时间为 16-5-17 9:56:04。
     1>项目“E:\Code\MyProject\DuiProject\ProjectS\LibVLCDemo1\LibVLCDemo1.vcxproj”在节点 3 上(Rebuild 个目标)。
     1>ClCompile:
         D:\Program\Microsoft Visual Studio 14.0\VC\bin\CL.exe /c /I..\libvlc_include /ZI /nologo /W3 /WX- /sdl /Od /Oy- /D WIN32 /D _DEBUG /D _WINDOWS /D _UNICODE /D UNICODE /Gm /EHsc /RTC1 /MDd /GS /fp:precise /Zc:wchar_t /Zc:forScope /Zc:inline /Yc"stdafx.h" /Fp"..\build\LibVLCDemo1\obj\LibVLCDemo1.pch" /Fo"..\build\LibVLCDemo1\obj\\" /Fd"..\build\LibVLCDemo1\obj\vc140.pdb" /Gd /TP /analyze- /errorReport:prompt stdafx.cpp
         stdafx.cpp
         D:\Program\Microsoft Visual Studio 14.0\VC\bin\CL.exe /c /I..\libvlc_include /ZI /nologo /W3 /WX- /sdl /Od /Oy- /D WIN32 /D _DEBUG /D _WINDOWS /D _UNICODE /D UNICODE /Gm /EHsc /RTC1 /MDd /GS /fp:precise /Zc:wchar_t /Zc:forScope /Zc:inline /Yu"stdafx.h" /Fp"..\build\LibVLCDemo1\obj\LibVLCDemo1.pch" /Fo"..\build\LibVLCDemo1\obj\\" /Fd"..\build\LibVLCDemo1\obj\vc140.pdb" /Gd /TP /analyze- /errorReport:prompt LibVLCDemo1.cpp libvlc_manager.cpp
         libvlc_manager.cpp
     1>e:\code\myproject\duiproject\projects\libvlcdemo1\libvlc_manager.cpp(1): warning C4627: “#include "Windows.h"”: 在查找预编译头使用时跳过
         e:\code\myproject\duiproject\projects\libvlcdemo1\libvlc_manager.cpp(1): note: 将指令添加到“stdafx.h”或重新生成预编译头
     1>e:\code\myproject\duiproject\projects\libvlcdemo1\libvlc_manager.h(17): error C2143: 语法错误: 缺少“;”(在“*”的前面)
     1>e:\code\myproject\duiproject\projects\libvlcdemo1\libvlc_manager.h(17): error C4430: 缺少类型说明符 - 假定为 int。注意: C++ 不支持默认 int
     1>e:\code\myproject\duiproject\projects\libvlcdemo1\libvlc_manager.h(17): error C2238: 意外的标记位于“;”之前
     1>e:\code\myproject\duiproject\projects\libvlcdemo1\libvlc_manager.h(18): error C2143: 语法错误: 缺少“;”(在“*”的前面)
     1>e:\code\myproject\duiproject\projects\libvlcdemo1\libvlc_manager.h(18): error C4430: 缺少类型说明符 - 假定为 int。注意: C++ 不支持默认 int
     1>e:\code\myproject\duiproject\projects\libvlcdemo1\libvlc_manager.h(18): error C2238: 意外的标记位于“;”之前
     1>e:\code\myproject\duiproject\projects\libvlcdemo1\libvlc_manager.h(19): error C2143: 语法错误: 缺少“;”(在“*”的前面)
     1>e:\code\myproject\duiproject\projects\libvlcdemo1\libvlc_manager.h(19): error C4430: 缺少类型说明符 - 假定为 int。注意: C++ 不支持默认 int
     1>e:\code\myproject\duiproject\projects\libvlcdemo1\libvlc_manager.h(19): error C2238: 意外的标记位于“;”之前
     1>e:\code\myproject\duiproject\projects\libvlcdemo1\libvlc_manager.h(20): error C3646: “time_len_”: 未知重写说明符
     1>e:\code\myproject\duiproject\projects\libvlcdemo1\libvlc_manager.h(20): error C4430: 缺少类型说明符 - 假定为 int。注意: C++ 不支持默认 int
     1>e:\code\myproject\duiproject\projects\libvlcdemo1\libvlc_manager.cpp(7): error C2065: “inst_”: 未声明的标识符
     1>e:\code\myproject\duiproject\projects\libvlcdemo1\libvlc_manager.cpp(7): error C3861: “libvlc_new”: 找不到标识符
     1>e:\code\myproject\duiproject\projects\libvlcdemo1\libvlc_manager.cpp(17): error C2065: “media_”: 未声明的标识符
     1>e:\code\myproject\duiproject\projects\libvlcdemo1\libvlc_manager.cpp(17): error C2065: “player_”: 未声明的标识符
     1>e:\code\myproject\duiproject\projects\libvlcdemo1\libvlc_manager.cpp(18): error C2065: “media_”: 未声明的标识符
     1>e:\code\myproject\duiproject\projects\libvlcdemo1\libvlc_manager.cpp(18): error C2065: “inst_”: 未声明的标识符
     1>e:\code\myproject\duiproject\projects\libvlcdemo1\libvlc_manager.cpp(18): error C3861: “libvlc_media_new_path”: 找不到标识符
     1>e:\code\myproject\duiproject\projects\libvlcdemo1\libvlc_manager.cpp(19): error C2065: “player_”: 未声明的标识符
     1>e:\code\myproject\duiproject\projects\libvlcdemo1\libvlc_manager.cpp(19): error C2065: “media_”: 未声明的标识符
     1>e:\code\myproject\duiproject\projects\libvlcdemo1\libvlc_manager.cpp(19): error C3861: “libvlc_media_player_new_from_media”: 找不到标识符
     1>e:\code\myproject\duiproject\projects\libvlcdemo1\libvlc_manager.cpp(20): error C2065: “media_”: 未声明的标识符
     1>e:\code\myproject\duiproject\projects\libvlcdemo1\libvlc_manager.cpp(20): error C3861: “libvlc_media_release”: 找不到标识符
     1>e:\code\myproject\duiproject\projects\libvlcdemo1\libvlc_manager.cpp(26): error C2065: “player_”: 未声明的标识符
     1>e:\code\myproject\duiproject\projects\libvlcdemo1\libvlc_manager.cpp(26): error C3861: “libvlc_media_player_set_hwnd”: 找不到标识符
     1>e:\code\myproject\duiproject\projects\libvlcdemo1\libvlc_manager.cpp(27): error C2065: “player_”: 未声明的标识符
     1>e:\code\myproject\duiproject\projects\libvlcdemo1\libvlc_manager.cpp(27): error C3861: “libvlc_media_player_play”: 找不到标识符
     1>e:\code\myproject\duiproject\projects\libvlcdemo1\libvlc_manager.cpp(33): error C2065: “player_”: 未声明的标识符
     1>e:\code\myproject\duiproject\projects\libvlcdemo1\libvlc_manager.cpp(33): error C3861: “libvlc_media_player_stop”: 找不到标识符
     1>e:\code\myproject\duiproject\projects\libvlcdemo1\libvlc_manager.cpp(34): error C2065: “player_”: 未声明的标识符
     1>e:\code\myproject\duiproject\projects\libvlcdemo1\libvlc_manager.cpp(34): error C3861: “libvlc_media_player_release”: 找不到标识符
     1>e:\code\myproject\duiproject\projects\libvlcdemo1\libvlc_manager.cpp(39): error C2065: “player_”: 未声明的标识符
     1>e:\code\myproject\duiproject\projects\libvlcdemo1\libvlc_manager.cpp(39): error C3861: “libvlc_media_player_set_pause”: 找不到标识符
     1>e:\code\myproject\duiproject\projects\libvlcdemo1\libvlc_manager.cpp(44): error C2065: “player_”: 未声明的标识符
     1>e:\code\myproject\duiproject\projects\libvlcdemo1\libvlc_manager.cpp(44): error C3861: “libvlc_media_player_set_pause”: 找不到标识符
         LibVLCDemo1.cpp
     1>e:\code\myproject\duiproject\projects\libvlcdemo1\libvlc_manager.h(17): error C2143: 语法错误: 缺少“;”(在“*”的前面)
     1>e:\code\myproject\duiproject\projects\libvlcdemo1\libvlc_manager.h(17): error C4430: 缺少类型说明符 - 假定为 int。注意: C++ 不支持默认 int
     1>e:\code\myproject\duiproject\projects\libvlcdemo1\libvlc_manager.h(17): error C2238: 意外的标记位于“;”之前
     1>e:\code\myproject\duiproject\projects\libvlcdemo1\libvlc_manager.h(18): error C2143: 语法错误: 缺少“;”(在“*”的前面)
     1>e:\code\myproject\duiproject\projects\libvlcdemo1\libvlc_manager.h(18): error C4430: 缺少类型说明符 - 假定为 int。注意: C++ 不支持默认 int
     1>e:\code\myproject\duiproject\projects\libvlcdemo1\libvlc_manager.h(18): error C2238: 意外的标记位于“;”之前
     1>e:\code\myproject\duiproject\projects\libvlcdemo1\libvlc_manager.h(19): error C2143: 语法错误: 缺少“;”(在“*”的前面)
     1>e:\code\myproject\duiproject\projects\libvlcdemo1\libvlc_manager.h(19): error C4430: 缺少类型说明符 - 假定为 int。注意: C++ 不支持默认 int
     1>e:\code\myproject\duiproject\projects\libvlcdemo1\libvlc_manager.h(19): error C2238: 意外的标记位于“;”之前
     1>e:\code\myproject\duiproject\projects\libvlcdemo1\libvlc_manager.h(20): error C3646: “time_len_”: 未知重写说明符
     1>e:\code\myproject\duiproject\projects\libvlcdemo1\libvlc_manager.h(20): error C4430: 缺少类型说明符 - 假定为 int。注意: C++ 不支持默认 int
         正在生成代码...
     1>已完成生成项目“E:\Code\MyProject\DuiProject\ProjectS\LibVLCDemo1\LibVLCDemo1.vcxproj”(Rebuild 个目标)的操作 - 失败。

项目性能摘要:
     2485 毫秒 E:\Code\MyProject\DuiProject\ProjectS\LibVLCDemo1\LibVLCDemo1.vcxproj   1 次调用
               2485 毫秒 Rebuild                                    1 次调用

目标性能摘要:
        0 毫秒 _BuildGenerateSourcesAction                1 次调用
        0 毫秒 GetInstalledSDKLocations                   1 次调用
        0 毫秒 BuildGenerateSources                       1 次调用
        0 毫秒 ResolveSDKReferences                       1 次调用
        0 毫秒 BuildGenerateSourcesTraverse               1 次调用
        0 毫秒 AfterCppClean                              1 次调用
        0 毫秒 _PrepareForBuild                           1 次调用
        0 毫秒 BeforeClean                                1 次调用
        0 毫秒 ComputeMIDLGeneratedCompileInputs          1 次调用
        0 毫秒 SelectClCompile                            1 次调用
        0 毫秒 Clean                                      1 次调用
        0 毫秒 CleanPublishFolder                         1 次调用
        0 毫秒 MakeDirsForMidl                            1 次调用
        0 毫秒 GetFrameworkPaths                          1 次调用
        0 毫秒 _Midl                                      1 次调用
        0 毫秒 AfterResolveReferences                     1 次调用
        0 毫秒 PlatformPrepareForBuild                    1 次调用
        0 毫秒 AfterBuildGenerateSources                  1 次调用
        0 毫秒 BuildCompileTraverse                       1 次调用
        0 毫秒 ResolveReferences                          1 次调用
        0 毫秒 SelectCustomBuild                          1 次调用
        0 毫秒 CppClean                                   1 次调用
        0 毫秒 _Xsd                                       1 次调用
        0 毫秒 BeforeRebuild                              1 次调用
        0 毫秒 BeforeBuildGenerateSources                 1 次调用
        0 毫秒 ExpandSDKReferences                        1 次调用
        0 毫秒 GetResolvedWinMD                           1 次调用
        0 毫秒 CleanReferencedProjects                    1 次调用
        0 毫秒 AfterMidl                                  1 次调用
        0 毫秒 AfterClean                                 1 次调用
        0 毫秒 AfterBuildGenerateSourcesEvent             1 次调用
        0 毫秒 ComputeCLInputPDBName                      1 次调用
        0 毫秒 PreBuildEvent                              1 次调用
        0 毫秒 _SelectedFiles                             1 次调用
        0 毫秒 BeforeClCompile                            1 次调用
        0 毫秒 BeforeResolveReferences                    1 次调用
        0 毫秒 BeforeCppClean                             1 次调用
        0 毫秒 ResolveAssemblyReferences                  1 次调用
        0 毫秒 PGInstrumentedClean                        1 次调用
        1 毫秒 _PrepareForReferenceResolution             1 次调用
        1 毫秒 ResolveProjectReferences                   1 次调用
        1 毫秒 GetReferenceAssemblyPaths                  1 次调用
        1 毫秒 _SplitProjectReferencesByFileExistence     1 次调用
        1 毫秒 ComputeReferenceCLInput                    1 次调用
        1 毫秒 AssignProjectConfiguration                 1 次调用
        1 毫秒 _PrepareForRebuild                         1 次调用
        1 毫秒 FixupCLCompileOptions                      1 次调用
        1 毫秒 MakeDirsForCl                              1 次调用
        2 毫秒 WarnCompileDuplicatedFilename              1 次调用
        3 毫秒 SetBuildDefaultEnvironmentVariables        1 次调用
        4 毫秒 InitializeBuildStatus                      1 次调用
        4 毫秒 CoreClean                                  1 次调用
        4 毫秒 PrepareForBuild                            1 次调用
        5 毫秒 _PrepareForClean                           1 次调用
       15 毫秒 _CheckForInvalidConfigurationAndPlatform   1 次调用
      126 毫秒 CoreCppClean                               1 次调用
      456 毫秒 SetCABuildNativeEnvironmentVariables       1 次调用
     1839 毫秒 ClCompile                                  1 次调用

生成失败。

已用时间 00:00:02.47
