d:\onedrive\code\duilibproject\projects\build\classfeatmanage\obj\classfeatmanage\vc140.pdb
d:\onedrive\code\duilibproject\projects\build\classfeatmanage\obj\classfeatmanage\vc140.idb
d:\onedrive\code\duilibproject\projects\build\classfeatmanage\obj\classfeatmanage\add_admin_wnd.obj
d:\onedrive\code\duilibproject\projects\build\classfeatmanage\obj\classfeatmanage\admin_win.obj
d:\onedrive\code\duilibproject\projects\build\classfeatmanage\obj\classfeatmanage\inlet_function.obj
d:\onedrive\code\duilibproject\projects\build\classfeatmanage\obj\classfeatmanage\list_menu_wnd.obj
d:\onedrive\code\duilibproject\projects\build\classfeatmanage\obj\classfeatmanage\log_wnd.obj
d:\onedrive\code\duilibproject\projects\build\classfeatmanage\obj\classfeatmanage\manager.obj
d:\onedrive\code\duilibproject\projects\build\classfeatmanage\obj\classfeatmanage\native_control_ui.obj
d:\onedrive\code\duilibproject\projects\build\classfeatmanage\obj\classfeatmanage\res_share.obj
d:\onedrive\code\duilibproject\projects\build\classfeatmanage\obj\classfeatmanage\student_win.obj
d:\onedrive\code\duilibproject\projects\build\classfeatmanage\obj\classfeatmanage\teacher_win.obj
d:\onedrive\code\duilibproject\projects\build\classfeatmanage\obj\classfeatmanage\user_manage.obj
d:\onedrive\code\duilibproject\projects\build\classfeatmanage\obj\classfeatmanage\window_impl_base.obj
d:\onedrive\code\duilibproject\projects\build\classfeatmanage\obj\classfeatmanage\xml_manage_base.obj
d:\onedrive\code\duilibproject\projects\build\classfeatmanage\obj\classfeatmanage\edit_teacher_wnd.obj
e:\code\code\duilibproject\projects\build\classfeatmanage\obj\classfeatmanage\vc140.pdb
e:\code\code\duilibproject\projects\build\classfeatmanage\obj\classfeatmanage\vc140.idb
e:\code\code\duilibproject\projects\build\classfeatmanage\obj\classfeatmanage\add_admin_wnd.obj
e:\code\code\duilibproject\projects\build\classfeatmanage\obj\classfeatmanage\admin_win.obj
e:\code\code\duilibproject\projects\build\classfeatmanage\obj\classfeatmanage\edit_teacher_wnd.obj
e:\code\code\duilibproject\projects\build\classfeatmanage\obj\classfeatmanage\inlet_function.obj
e:\code\code\duilibproject\projects\build\classfeatmanage\obj\classfeatmanage\list_menu_wnd.obj
e:\code\code\duilibproject\projects\build\classfeatmanage\obj\classfeatmanage\log_wnd.obj
e:\code\code\duilibproject\projects\build\classfeatmanage\obj\classfeatmanage\manager.obj
e:\code\code\duilibproject\projects\build\classfeatmanage\obj\classfeatmanage\native_control_ui.obj
e:\code\code\duilibproject\projects\build\classfeatmanage\obj\classfeatmanage\res_share.obj
e:\code\code\duilibproject\projects\build\classfeatmanage\obj\classfeatmanage\student_win.obj
e:\code\code\duilibproject\projects\build\classfeatmanage\obj\classfeatmanage\teacher_win.obj
e:\code\code\duilibproject\projects\build\classfeatmanage\obj\classfeatmanage\user_manage.obj
e:\code\code\duilibproject\projects\build\classfeatmanage\obj\classfeatmanage\window_impl_base.obj
e:\code\code\duilibproject\projects\build\classfeatmanage\obj\classfeatmanage\xml_manage_base.obj
d:\onedrive\code\duilibproject\projects\build\classfeatmanage\classfeatmanage.ilk
d:\onedrive\code\duilibproject\projects\build\classfeatmanage\classfeatmanage.exe
d:\onedrive\code\duilibproject\projects\build\classfeatmanage\classfeatmanage.pdb
e:\code\code\duilibproject\projects\build\classfeatmanage\classfeatmanage.ilk
e:\code\code\duilibproject\projects\build\classfeatmanage\classfeatmanage.exe
e:\code\code\duilibproject\projects\build\classfeatmanage\classfeatmanage.pdb
e:\code\myproject\duiproject\projects\build\classfeatmanage\obj\classfeatmanage\add_admin_wnd.obj
e:\code\myproject\duiproject\projects\build\classfeatmanage\obj\classfeatmanage\admin_win.obj
e:\code\myproject\duiproject\projects\build\classfeatmanage\obj\classfeatmanage\edit_teacher_wnd.obj
e:\code\myproject\duiproject\projects\build\classfeatmanage\obj\classfeatmanage\inlet_function.obj
e:\code\myproject\duiproject\projects\build\classfeatmanage\obj\classfeatmanage\list_menu_wnd.obj
e:\code\myproject\duiproject\projects\build\classfeatmanage\obj\classfeatmanage\log_wnd.obj
e:\code\myproject\duiproject\projects\build\classfeatmanage\obj\classfeatmanage\manager.obj
e:\code\myproject\duiproject\projects\build\classfeatmanage\obj\classfeatmanage\native_control_ui.obj
e:\code\myproject\duiproject\projects\build\classfeatmanage\obj\classfeatmanage\res_share.obj
e:\code\myproject\duiproject\projects\build\classfeatmanage\obj\classfeatmanage\student_win.obj
e:\code\myproject\duiproject\projects\build\classfeatmanage\obj\classfeatmanage\teacher_win.obj
e:\code\myproject\duiproject\projects\build\classfeatmanage\obj\classfeatmanage\user_manage.obj
e:\code\myproject\duiproject\projects\build\classfeatmanage\obj\classfeatmanage\window_impl_base.obj
e:\code\myproject\duiproject\projects\build\classfeatmanage\obj\classfeatmanage\xml_manage_base.obj
e:\code\myproject\duiproject\projects\build\classfeatmanage\obj\classfeatmanage\vc140.idb
e:\code\myproject\duiproject\projects\build\classfeatmanage\obj\classfeatmanage\vc140.pdb
e:\code\myproject\duiproject\projects\classfeatmanage\..\build\classfeatmanage\classfeatmanage.exe
e:\code\myproject\duiproject\projects\build\classfeatmanage\obj\classfeatmanage\classfeatmanage.tlog\cl.command.1.tlog
e:\code\myproject\duiproject\projects\build\classfeatmanage\obj\classfeatmanage\classfeatmanage.tlog\cl.read.1.tlog
e:\code\myproject\duiproject\projects\build\classfeatmanage\obj\classfeatmanage\classfeatmanage.tlog\cl.write.1.tlog
e:\code\myproject\duiproject\projects\build\classfeatmanage\obj\classfeatmanage\classfeatmanage.tlog\link.command.1.tlog
e:\code\myproject\duiproject\projects\build\classfeatmanage\obj\classfeatmanage\classfeatmanage.tlog\link.read.1.tlog
e:\code\myproject\duiproject\projects\build\classfeatmanage\obj\classfeatmanage\classfeatmanage.tlog\link.write.1.tlog
