d:\onedrive\code\duilibproject\projects\build\aliendemo\obj\aliendemo\vc140.pdb
d:\onedrive\code\duilibproject\projects\build\aliendemo\obj\aliendemo\vc140.idb
d:\onedrive\code\duilibproject\projects\build\aliendemo\obj\aliendemo\inlet_function.obj
d:\onedrive\code\duilibproject\projects\build\aliendemo\obj\aliendemo\manager.obj
d:\onedrive\code\duilibproject\projects\build\aliendemo\obj\aliendemo\window_impl_base.obj
e:\code\code\duilibproject\projects\build\aliendemo\obj\aliendemo\vc140.pdb
e:\code\code\duilibproject\projects\build\aliendemo\obj\aliendemo\vc140.idb
e:\code\code\duilibproject\projects\build\aliendemo\obj\aliendemo\inlet_function.obj
e:\code\code\duilibproject\projects\build\aliendemo\obj\aliendemo\manager.obj
e:\code\code\duilibproject\projects\build\aliendemo\obj\aliendemo\window_impl_base.obj
d:\onedrive\code\duilibproject\projects\build\aliendemo\aliendemo.ilk
d:\onedrive\code\duilibproject\projects\build\aliendemo\aliendemo.exe
d:\onedrive\code\duilibproject\projects\build\aliendemo\aliendemo.pdb
e:\code\code\duilibproject\projects\build\aliendemo\aliendemo.ilk
e:\code\code\duilibproject\projects\build\aliendemo\aliendemo.exe
e:\code\code\duilibproject\projects\build\aliendemo\aliendemo.pdb
e:\code\myproject\duiproject\projects\build\aliendemo\obj\aliendemo\inlet_function.obj
e:\code\myproject\duiproject\projects\build\aliendemo\obj\aliendemo\manager.obj
e:\code\myproject\duiproject\projects\build\aliendemo\obj\aliendemo\window_impl_base.obj
e:\code\myproject\duiproject\projects\build\aliendemo\obj\aliendemo\vc140.idb
e:\code\myproject\duiproject\projects\build\aliendemo\obj\aliendemo\vc140.pdb
e:\code\myproject\duiproject\projects\aliendemo\..\build\aliendemo\aliendemo.exe
e:\code\myproject\duiproject\projects\build\aliendemo\obj\aliendemo\aliendemo.tlog\cl.command.1.tlog
e:\code\myproject\duiproject\projects\build\aliendemo\obj\aliendemo\aliendemo.tlog\cl.read.1.tlog
e:\code\myproject\duiproject\projects\build\aliendemo\obj\aliendemo\aliendemo.tlog\cl.write.1.tlog
e:\code\myproject\duiproject\projects\build\aliendemo\obj\aliendemo\aliendemo.tlog\link.command.1.tlog
e:\code\myproject\duiproject\projects\build\aliendemo\obj\aliendemo\aliendemo.tlog\link.read.1.tlog
e:\code\myproject\duiproject\projects\build\aliendemo\obj\aliendemo\aliendemo.tlog\link.write.1.tlog
