  xml_manager.cpp
c:\users\jhp19\code\myself\duilibproject\projects\duilib\core\uimanager.h(45): warning C4091: “typedef ”: 没有声明变量时忽略“DuiLib::EVENTTYPE_UI”的左侧
c:\users\jhp19\code\myself\duilibproject\projects\ipfill\xml_manager.cpp(98): warning C4267: “初始化”: 从“size_t”转换到“int”，可能丢失数据
  window_impl_base.cpp
c:\users\jhp19\code\myself\duilibproject\projects\duilib\core\uimanager.h(45): warning C4091: “typedef ”: 没有声明变量时忽略“DuiLib::EVENTTYPE_UI”的左侧
  native_control_ui.cpp
c:\users\jhp19\code\myself\duilibproject\projects\duilib\core\uimanager.h(45): warning C4091: “typedef ”: 没有声明变量时忽略“DuiLib::EVENTTYPE_UI”的左侧
  manager.cpp
c:\users\jhp19\code\myself\duilibproject\projects\duilib\core\uimanager.h(45): warning C4091: “typedef ”: 没有声明变量时忽略“DuiLib::EVENTTYPE_UI”的左侧
  ip_control_ui.cpp
c:\users\jhp19\code\myself\duilibproject\projects\duilib\core\uimanager.h(45): warning C4091: “typedef ”: 没有声明变量时忽略“DuiLib::EVENTTYPE_UI”的左侧
  inlet_function.cpp
c:\users\jhp19\code\myself\duilibproject\projects\duilib\core\uimanager.h(45): warning C4091: “typedef ”: 没有声明变量时忽略“DuiLib::EVENTTYPE_UI”的左侧
  add_new_paly_wnd.cpp
c1xx : fatal error C1083: 无法打开源文件: “add_new_paly_wnd.cpp”: No such file or directory
  正在生成代码...

项目性能摘要:
    14665 毫秒 C:\Users\jhp19\Code\Myself\DuilibProject\ProjectS\IpFill\IpFill.vcxproj   1 次调用
              14665 毫秒 Build                                      1 次调用

目标性能摘要:
        0 毫秒 _BuildGenerateSourcesAction                1 次调用
        0 毫秒 BuildGenerateSourcesTraverse               1 次调用
        0 毫秒 AssignProjectConfiguration                 1 次调用
        0 毫秒 _PrepareForBuild                           1 次调用
        0 毫秒 ComputeMIDLGeneratedCompileInputs          1 次调用
        0 毫秒 SelectClCompile                            1 次调用
        0 毫秒 WarnCompileDuplicatedFilename              1 次调用
        0 毫秒 ResolveProjectReferences                   1 次调用
        0 毫秒 MakeDirsForMidl                            1 次调用
        0 毫秒 Desktop_PlatformPrepareForBuild            1 次调用
        0 毫秒 GetFrameworkPaths                          1 次调用
        0 毫秒 ComputeReferenceCLInput                    1 次调用
        0 毫秒 FixupCLCompileOptions                      1 次调用
        0 毫秒 _Midl                                      1 次调用
        0 毫秒 AfterResolveReferences                     1 次调用
        0 毫秒 PlatformPrepareForBuild                    1 次调用
        0 毫秒 MakeDirsForCl                              1 次调用
        0 毫秒 AfterBuildGenerateSources                  1 次调用
        0 毫秒 BuildCompileTraverse                       1 次调用
        0 毫秒 ResolveAssemblyReferences                  1 次调用
        0 毫秒 ResolveSDKReferences                       1 次调用
        0 毫秒 ResolveReferences                          1 次调用
        0 毫秒 BuildGenerateSources                       1 次调用
        0 毫秒 BeforeResolveReferences                    1 次调用
        0 毫秒 BeforeClCompile                            1 次调用
        0 毫秒 PreBuildEvent                              1 次调用
        0 毫秒 ModifyUnitTestPlatformVersion              1 次调用
        0 毫秒 _SelectedFiles                             1 次调用
        0 毫秒 ComputeCLInputPDBName                      1 次调用
        0 毫秒 ExpandSDKReferences                        1 次调用
        0 毫秒 GetResolvedWinMD                           1 次调用
        0 毫秒 BeforeBuildGenerateSources                 1 次调用
        0 毫秒 AfterBuildGenerateSourcesEvent             1 次调用
        0 毫秒 _SplitProjectReferencesByFileExistence     1 次调用
        0 毫秒 AfterMidl                                  1 次调用
        0 毫秒 SelectCustomBuild                          1 次调用
        0 毫秒 GetInstalledSDKLocations                   1 次调用
        0 毫秒 GetReferenceAssemblyPaths                  1 次调用
        0 毫秒 _Xsd                                       1 次调用
       16 毫秒 InitializeBuildStatus                      1 次调用
       16 毫秒 SetBuildDefaultEnvironmentVariables        1 次调用
       16 毫秒 _PrepareForReferenceResolution             1 次调用
       62 毫秒 PrepareForBuild                            1 次调用
      109 毫秒 _CheckForInvalidConfigurationAndPlatform   1 次调用
      344 毫秒 SetCABuildNativeEnvironmentVariables       1 次调用
    14087 毫秒 ClCompile                                  1 次调用
