d:\onedrive\code\duilibproject\projects\build\houserent\obj\vc140.pdb
c:\users\jhp19\onedrive\code\duilibproject\projects\build\houserent\obj\vc140.pdb
c:\users\jhp19\onedrive\code\duilibproject\projects\build\houserent\obj\vc140.idb
c:\users\jhp19\onedrive\code\duilibproject\projects\build\houserent\obj\home_wnd.obj
c:\users\jhp19\onedrive\code\duilibproject\projects\build\houserent\obj\login_or_logon.obj
c:\users\jhp19\onedrive\code\duilibproject\projects\build\houserent\obj\manager.obj
c:\users\jhp19\onedrive\code\duilibproject\projects\build\houserent\obj\inlet_function.obj
c:\users\jhp19\onedrive\code\duilibproject\projects\build\houserent\obj\native_control_ui.obj
c:\users\jhp19\onedrive\code\duilibproject\projects\build\houserent\obj\window_impl_base.obj
d:\onedrive\code\duilibproject\projects\build\houserent\obj\vc140.idb
d:\onedrive\code\duilibproject\projects\build\houserent\obj\home_wnd.obj
d:\onedrive\code\duilibproject\projects\build\houserent\obj\inlet_function.obj
d:\onedrive\code\duilibproject\projects\build\houserent\obj\login_or_logon.obj
d:\onedrive\code\duilibproject\projects\build\houserent\obj\manager.obj
d:\onedrive\code\duilibproject\projects\build\houserent\obj\native_control_ui.obj
d:\onedrive\code\duilibproject\projects\build\houserent\obj\window_impl_base.obj
c:\users\jhp19\onedrive\code\duilibproject\projects\build\houserent\houserent.ilk
c:\users\jhp19\onedrive\code\duilibproject\projects\build\houserent\houserent.exe
c:\users\jhp19\onedrive\code\duilibproject\projects\build\houserent\houserent.pdb
d:\onedrive\code\duilibproject\projects\build\houserent\houserent.ilk
d:\onedrive\code\duilibproject\projects\build\houserent\houserent.exe
d:\onedrive\code\duilibproject\projects\build\houserent\houserent.pdb
e:\code\myproject\duiproject\projects\build\houserent\obj\home_wnd.obj
e:\code\myproject\duiproject\projects\build\houserent\obj\inlet_function.obj
e:\code\myproject\duiproject\projects\build\houserent\obj\login_or_logon.obj
e:\code\myproject\duiproject\projects\build\houserent\obj\manager.obj
e:\code\myproject\duiproject\projects\build\houserent\obj\native_control_ui.obj
e:\code\myproject\duiproject\projects\build\houserent\obj\window_impl_base.obj
e:\code\myproject\duiproject\projects\build\houserent\obj\vc140.idb
e:\code\myproject\duiproject\projects\build\houserent\obj\vc140.pdb
e:\code\myproject\duiproject\projects\houserent\..\build\houserent\houserent.exe
e:\code\myproject\duiproject\projects\build\houserent\obj\houserent.tlog\cl.command.1.tlog
e:\code\myproject\duiproject\projects\build\houserent\obj\houserent.tlog\cl.read.1.tlog
e:\code\myproject\duiproject\projects\build\houserent\obj\houserent.tlog\cl.write.1.tlog
e:\code\myproject\duiproject\projects\build\houserent\obj\houserent.tlog\link.command.1.tlog
e:\code\myproject\duiproject\projects\build\houserent\obj\houserent.tlog\link.read.1.tlog
e:\code\myproject\duiproject\projects\build\houserent\obj\houserent.tlog\link.write.1.tlog
