生成启动时间为 16-1-21 14:53:05。
     1>项目“D:\OneDrive\Code\DuilibProject\ProjectS\HouseRent\HouseRent.vcxproj”在节点 4 上(Build 个目标)。
     1>ClCompile:
         D:\Program\Microsoft Visual Studio 14.0\VC\bin\CL.exe /c /ZI /nologo /W3 /WX- /sdl /Od /Oy- /D WIN32 /D _DEBUG /D _WINDOWS /D _WINDLL /D _USE_DUILIB_LIB /D _UNICODE /D UNICODE /Gm /EHsc /RTC1 /MTd /GS /fp:precise /Zc:wchar_t /Zc:forScope /Zc:inline /Fo"..\build\HouseRent\obj\\" /Fd"..\build\HouseRent\obj\vc140.pdb" /Gd /TP /analyze- /errorReport:prompt home_wnd.cpp inlet_function.cpp login_or_logon.cpp manager.cpp native_control_ui.cpp window_impl_base.cpp
         window_impl_base.cpp
     1>d:\onedrive\code\duilibproject\projects\duilib\core\uimanager.h(45): warning C4091: “typedef ”: 没有声明变量时忽略“DuiLib::EVENTTYPE_UI”的左侧
         native_control_ui.cpp
     1>d:\onedrive\code\duilibproject\projects\duilib\core\uimanager.h(45): warning C4091: “typedef ”: 没有声明变量时忽略“DuiLib::EVENTTYPE_UI”的左侧
         manager.cpp
     1>d:\onedrive\code\duilibproject\projects\duilib\core\uimanager.h(45): warning C4091: “typedef ”: 没有声明变量时忽略“DuiLib::EVENTTYPE_UI”的左侧
         login_or_logon.cpp
     1>d:\onedrive\code\duilibproject\projects\duilib\core\uimanager.h(45): warning C4091: “typedef ”: 没有声明变量时忽略“DuiLib::EVENTTYPE_UI”的左侧
         inlet_function.cpp
     1>d:\onedrive\code\duilibproject\projects\duilib\core\uimanager.h(45): warning C4091: “typedef ”: 没有声明变量时忽略“DuiLib::EVENTTYPE_UI”的左侧
         home_wnd.cpp
     1>d:\onedrive\code\duilibproject\projects\duilib\core\uimanager.h(45): warning C4091: “typedef ”: 没有声明变量时忽略“DuiLib::EVENTTYPE_UI”的左侧
         正在生成代码...
       Link:
         D:\Program\Microsoft Visual Studio 14.0\VC\bin\link.exe /ERRORREPORT:PROMPT /OUT:"..\build\HouseRent\HouseRent.exe" /INCREMENTAL /NOLOGO kernel32.lib user32.lib gdi32.lib winspool.lib comdlg32.lib advapi32.lib shell32.lib ole32.lib oleaut32.lib uuid.lib odbc32.lib odbccp32.lib /MANIFEST /MANIFESTUAC:"level='asInvoker' uiAccess='false'" /manifest:embed /Debug /PDB:"..\build\HouseRent\HouseRent.pdb" /SUBSYSTEM:WINDOWS /TLBID:1 /DYNAMICBASE /NXCOMPAT /IMPLIB:"..\build\HouseRent\HouseRent.lib" /MACHINE:X86 ..\build\HouseRent\obj\home_wnd.obj
         ..\build\HouseRent\obj\login_or_logon.obj
         ..\build\HouseRent\obj\manager.obj
         ..\build\HouseRent\obj\inlet_function.obj
         ..\build\HouseRent\obj\native_control_ui.obj
         ..\build\HouseRent\obj\window_impl_base.obj
         LINK : 没有找到 ..\build\HouseRent\HouseRent.exe 或上一个增量链接没有生成它；正在执行完全链接
         HouseRent.vcxproj -> D:\OneDrive\Code\DuilibProject\ProjectS\HouseRent\..\build\HouseRent\HouseRent.exe
     1>已完成生成项目“D:\OneDrive\Code\DuilibProject\ProjectS\HouseRent\HouseRent.vcxproj”(Build 个目标)的操作。

项目性能摘要:
    23131 毫秒 D:\OneDrive\Code\DuilibProject\ProjectS\HouseRent\HouseRent.vcxproj   1 次调用
              23131 毫秒 Build                                      1 次调用

目标性能摘要:
        0 毫秒 AfterBuild                                 1 次调用
        0 毫秒 GetCopyToOutputDirectoryXamlAppDefs        1 次调用
        0 毫秒 GetResolvedWinMD                           1 次调用
        0 毫秒 _Manifest                                  1 次调用
        0 毫秒 _SelectedFiles                             1 次调用
        0 毫秒 PostBuildEvent                             1 次调用
        0 毫秒 _Midl                                      1 次调用
        0 毫秒 SelectCustomBuild                          1 次调用
        0 毫秒 _ClCompile                                 1 次调用
        0 毫秒 FixupCLCompileOptions                      1 次调用
        0 毫秒 CreateCustomManifestResourceNames          1 次调用
        0 毫秒 ResolveAssemblyReferences                  1 次调用
        0 毫秒 BeforeLink                                 1 次调用
        0 毫秒 ComputeCLInputPDBName                      1 次调用
        0 毫秒 AfterBuildCompileEvent                     1 次调用
        0 毫秒 _BuildLinkAction                           1 次调用
        0 毫秒 BeforeResourceCompile                      1 次调用
        0 毫秒 AfterMidl                                  1 次调用
        0 毫秒 SelectClCompile                            1 次调用
        0 毫秒 ResolveReferences                          1 次调用
        0 毫秒 ComputeManifestGeneratedLinkerInputs       1 次调用
        0 毫秒 AfterBuildGenerateSources                  1 次调用
        0 毫秒 BuildGenerateSources                       1 次调用
        0 毫秒 _CopySourceItemsToOutputDirectory          1 次调用
        0 毫秒 GetFrameworkPaths                          1 次调用
        0 毫秒 AfterResourceCompile                       1 次调用
        0 毫秒 _Xsd                                       1 次调用
        0 毫秒 MakeDirsForBscMake                         1 次调用
        0 毫秒 MakeDirsForResourceCompile                 1 次调用
        0 毫秒 _ResourceCompile                           1 次调用
        0 毫秒 PreLinkEvent                               1 次调用
        0 毫秒 ComputeLinkInputsFromProject               1 次调用
        0 毫秒 _Link                                      1 次调用
        0 毫秒 BuildLinkTraverse                          1 次调用
        0 毫秒 ComputeManifestInputsTargets               1 次调用
        0 毫秒 ComputeRCOutputs                           1 次调用
        0 毫秒 _XdcMake                                   1 次调用
        0 毫秒 CreateSatelliteAssemblies                  1 次调用
        0 毫秒 ExpandSDKReferences                        1 次调用
        0 毫秒 BuildCompileTraverse                       1 次调用
        0 毫秒 Build                                      1 次调用
        0 毫秒 _Deploy                                    1 次调用
        0 毫秒 ComputeMIDLGeneratedCompileInputs          1 次调用
        0 毫秒 PrepareForRun                              1 次调用
        0 毫秒 BuildLink                                  1 次调用
        0 毫秒 _BuildGenerateSourcesAction                1 次调用
        0 毫秒 _ALink                                     1 次调用
        0 毫秒 _Appverifier                               1 次调用
        0 毫秒 ComputeCLGeneratedLinkInputs               1 次调用
        0 毫秒 _BscMake                                   1 次调用
        0 毫秒 MakeDirsForMidl                            1 次调用
        0 毫秒 PreBuildEvent                              1 次调用
        0 毫秒 BeforeResolveReferences                    1 次调用
        0 毫秒 AfterBuildGenerateSourcesEvent             1 次调用
        0 毫秒 PrepareResourceNames                       1 次调用
        0 毫秒 AfterLink                                  1 次调用
        0 毫秒 ComputeRCGeneratedLinkInputs               1 次调用
        0 毫秒 BeforeClCompile                            1 次调用
        0 毫秒 ResolveSDKReferences                       1 次调用
        0 毫秒 MakeDirsForXdcMake                         1 次调用
        0 毫秒 GetInstalledSDKLocations                   1 次调用
        0 毫秒 BuildCompile                               1 次调用
        0 毫秒 _BuildCompileAction                        1 次调用
        0 毫秒 AfterClCompile                             1 次调用
        0 毫秒 BeforeBuildGenerateSources                 1 次调用
        0 毫秒 ComputeLegacyManifestEmbedding             1 次调用
        0 毫秒 BuildGenerateSourcesTraverse               1 次调用
        0 毫秒 _CheckForCompileOutputs                    1 次调用
        1 毫秒 RegisterOutput                             1 次调用
        1 毫秒 AfterResolveReferences                     1 次调用
        1 毫秒 CopyFilesToOutputDirectory                 1 次调用
        1 毫秒 ComputeLinkImportLibraryOutputsForClean    1 次调用
        1 毫秒 _GenerateSatelliteAssemblyInputs           1 次调用
        1 毫秒 ComputeCLCompileGeneratedSbrFiles          1 次调用
        1 毫秒 ComputeCLCompileGeneratedXDCFiles          1 次调用
        1 毫秒 ResolvedXDCMake                            1 次调用
        1 毫秒 PlatformPrepareForBuild                    1 次调用
        1 毫秒 GetCopyToOutputDirectoryItems              1 次调用
        1 毫秒 ComputeReferenceCLInput                    1 次调用
        1 毫秒 _PrepareForBuild                           1 次调用
        1 毫秒 MakeDirsForCl                              1 次调用
        1 毫秒 ComputeLinkSwitches                        1 次调用
        1 毫秒 ComputeCLOutputs                           1 次调用
        1 毫秒 AssignTargetPaths                          1 次调用
        1 毫秒 ComputeCustomBuildOutput                   1 次调用
        1 毫秒 ResolveProjectReferences                   1 次调用
        1 毫秒 _SplitProjectReferencesByFileExistence     1 次调用
        1 毫秒 MakeDirsForLink                            1 次调用
        1 毫秒 DoLinkOutputFilesMatch                     1 次调用
        1 毫秒 GetReferenceAssemblyPaths                  1 次调用
        1 毫秒 SplitResourcesByCulture                    1 次调用
        1 毫秒 _PrepareForReferenceResolution             1 次调用
        2 毫秒 AssignProjectConfiguration                 1 次调用
        2 毫秒 WarnCompileDuplicatedFilename              1 次调用
        2 毫秒 FinalizeBuildStatus                        1 次调用
        4 毫秒 PrepareForBuild                            1 次调用
        6 毫秒 InitializeBuildStatus                      1 次调用
       10 毫秒 SetBuildDefaultEnvironmentVariables        1 次调用
       11 毫秒 _CheckForInvalidConfigurationAndPlatform   1 次调用
      207 毫秒 SetCABuildNativeEnvironmentVariables       1 次调用
     2813 毫秒 Link                                       1 次调用
    20041 毫秒 ClCompile                                  1 次调用

已成功生成。

已用时间 00:00:23.12
