c:\users\jhp19\onedrive\code\duilibproject\projects\build\filefix\obj\vc140.pdb
c:\users\jhp19\onedrive\code\duilibproject\projects\build\filefix\obj\vc140.idb
c:\users\jhp19\onedrive\code\duilibproject\projects\build\filefix\obj\homepagewnd.obj
c:\users\jhp19\onedrive\code\duilibproject\projects\build\filefix\obj\inletfunction.obj
c:\users\jhp19\onedrive\code\duilibproject\projects\build\filefix\obj\traversingresource.obj
c:\users\jhp19\onedrive\code\duilibproject\projects\build\filefix\obj\xmlbasewnd.obj
c:\users\jhp19\onedrive\code\duilibproject\projects\build\filefix\filefix.ilk
c:\users\jhp19\onedrive\code\duilibproject\projects\build\filefix\filefix.exe
c:\users\jhp19\onedrive\code\duilibproject\projects\build\filefix\filefix.pdb
c:\users\jhp19\onedrive\code\duilibproject\projects\build\filefix\obj\filefix.res
d:\onedrive\code\duilibproject\projects\build\filefix\obj\homepagewnd.obj
d:\onedrive\code\duilibproject\projects\build\filefix\obj\inletfunction.obj
d:\onedrive\code\duilibproject\projects\build\filefix\obj\traversingresource.obj
d:\onedrive\code\duilibproject\projects\build\filefix\obj\xmlbasewnd.obj
d:\onedrive\code\duilibproject\projects\build\filefix\obj\filefix.res
d:\onedrive\code\duilibproject\projects\build\filefix\obj\vc140.idb
d:\onedrive\code\duilibproject\projects\build\filefix\obj\vc140.pdb
d:\onedrive\code\duilibproject\projects\filefix\..\build\filefix\filefix.exe
d:\onedrive\code\duilibproject\projects\build\filefix\obj\filefix.tlog\cl.command.1.tlog
d:\onedrive\code\duilibproject\projects\build\filefix\obj\filefix.tlog\cl.read.1.tlog
d:\onedrive\code\duilibproject\projects\build\filefix\obj\filefix.tlog\cl.write.1.tlog
d:\onedrive\code\duilibproject\projects\build\filefix\obj\filefix.tlog\link.command.1.tlog
d:\onedrive\code\duilibproject\projects\build\filefix\obj\filefix.tlog\link.read.1.tlog
d:\onedrive\code\duilibproject\projects\build\filefix\obj\filefix.tlog\link.write.1.tlog
d:\onedrive\code\duilibproject\projects\build\filefix\obj\filefix.tlog\rc.command.1.tlog
d:\onedrive\code\duilibproject\projects\build\filefix\obj\filefix.tlog\rc.read.1.tlog
d:\onedrive\code\duilibproject\projects\build\filefix\obj\filefix.tlog\rc.write.1.tlog
