d:\onedrive\code\duilibproject\projects\build\aboutmemory\obj\aboutmemory\vc140.pdb
d:\onedrive\code\duilibproject\projects\build\aboutmemory\obj\aboutmemory\vc140.idb
d:\onedrive\code\duilibproject\projects\build\aboutmemory\obj\aboutmemory\home_wnd.obj
d:\onedrive\code\duilibproject\projects\build\aboutmemory\obj\aboutmemory\inlet_function.obj
d:\onedrive\code\duilibproject\projects\build\aboutmemory\obj\aboutmemory\login_or_logon.obj
d:\onedrive\code\duilibproject\projects\build\aboutmemory\obj\aboutmemory\manager.obj
d:\onedrive\code\duilibproject\projects\build\aboutmemory\obj\aboutmemory\native_control_ui.obj
d:\onedrive\code\duilibproject\projects\build\aboutmemory\obj\aboutmemory\window_impl_base.obj
d:\onedrive\code\duilibproject\projects\build\aboutmemory\obj\aboutmemory\xml_manager.obj
d:\onedrive\code\duilibproject\projects\build\aboutmemory\obj\aboutmemory\user_data_manage.obj
d:\onedrive\code\duilibproject\projects\build\aboutmemory\obj\aboutmemory\xml_manage_base.obj
d:\onedrive\code\duilibproject\projects\build\aboutmemory\obj\aboutmemory\aboutmemory.tlog\cl.command.1.tlog
d:\onedrive\code\duilibproject\projects\build\aboutmemory\obj\aboutmemory\aboutmemory.tlog\cl.read.1.tlog
d:\onedrive\code\duilibproject\projects\build\aboutmemory\obj\aboutmemory\aboutmemory.tlog\cl.write.1.tlog
d:\onedrive\code\duilibproject\projects\build\aboutmemory\obj\aboutmemory\aboutmemory.tlog\link-cvtres.read.1.tlog
d:\onedrive\code\duilibproject\projects\build\aboutmemory\obj\aboutmemory\aboutmemory.tlog\link-cvtres.write.1.tlog
d:\onedrive\code\duilibproject\projects\build\aboutmemory\obj\aboutmemory\aboutmemory.tlog\link-rc.read.1.tlog
d:\onedrive\code\duilibproject\projects\build\aboutmemory\obj\aboutmemory\aboutmemory.tlog\link-rc.write.1.tlog
d:\onedrive\code\duilibproject\projects\build\aboutmemory\obj\aboutmemory\aboutmemory.tlog\link.11984-cvtres.read.1.tlog
d:\onedrive\code\duilibproject\projects\build\aboutmemory\obj\aboutmemory\aboutmemory.tlog\link.11984-cvtres.write.1.tlog
d:\onedrive\code\duilibproject\projects\build\aboutmemory\obj\aboutmemory\aboutmemory.tlog\link.11984-rc.read.1.tlog
d:\onedrive\code\duilibproject\projects\build\aboutmemory\obj\aboutmemory\aboutmemory.tlog\link.11984-rc.write.1.tlog
d:\onedrive\code\duilibproject\projects\build\aboutmemory\obj\aboutmemory\aboutmemory.tlog\link.11984.read.1.tlog
d:\onedrive\code\duilibproject\projects\build\aboutmemory\obj\aboutmemory\aboutmemory.tlog\link.11984.write.1.tlog
d:\onedrive\code\duilibproject\projects\build\aboutmemory\obj\aboutmemory\aboutmemory.tlog\link.command.1.tlog
d:\onedrive\code\duilibproject\projects\build\aboutmemory\obj\aboutmemory\aboutmemory.tlog\link.read.1.tlog
d:\onedrive\code\duilibproject\projects\build\aboutmemory\obj\aboutmemory\aboutmemory.tlog\link.write.1.tlog
