  xml_manage_base.cpp
c:\users\jhp19\documents\visual studio 2015\myself\duilibproject\projects\duilib\core\uimanager.h(45): warning C4091: “typedef ”: 没有声明变量时忽略“DuiLib::EVENTTYPE_UI”的左侧
  window_impl_base.cpp
c:\users\jhp19\documents\visual studio 2015\myself\duilibproject\projects\duilib\core\uimanager.h(45): warning C4091: “typedef ”: 没有声明变量时忽略“DuiLib::EVENTTYPE_UI”的左侧
  user_data_manage.cpp
c:\users\jhp19\documents\visual studio 2015\myself\duilibproject\projects\duilib\core\uimanager.h(45): warning C4091: “typedef ”: 没有声明变量时忽略“DuiLib::EVENTTYPE_UI”的左侧
  native_control_ui.cpp
c:\users\jhp19\documents\visual studio 2015\myself\duilibproject\projects\duilib\core\uimanager.h(45): warning C4091: “typedef ”: 没有声明变量时忽略“DuiLib::EVENTTYPE_UI”的左侧
  manager.cpp
c:\users\jhp19\documents\visual studio 2015\myself\duilibproject\projects\duilib\core\uimanager.h(45): warning C4091: “typedef ”: 没有声明变量时忽略“DuiLib::EVENTTYPE_UI”的左侧
  login_or_logon.cpp
c:\users\jhp19\documents\visual studio 2015\myself\duilibproject\projects\duilib\core\uimanager.h(45): warning C4091: “typedef ”: 没有声明变量时忽略“DuiLib::EVENTTYPE_UI”的左侧
  list_menu_wnd.cpp
c:\users\jhp19\documents\visual studio 2015\myself\duilibproject\projects\duilib\core\uimanager.h(45): warning C4091: “typedef ”: 没有声明变量时忽略“DuiLib::EVENTTYPE_UI”的左侧
c:\users\jhp19\documents\visual studio 2015\myself\duilibproject\projects\aboutmemory\list_menu_wnd.cpp(46): warning C4390: “;”: 找到空的受控语句；这是否是有意的?
  inlet_function.cpp
c:\users\jhp19\documents\visual studio 2015\myself\duilibproject\projects\duilib\core\uimanager.h(45): warning C4091: “typedef ”: 没有声明变量时忽略“DuiLib::EVENTTYPE_UI”的左侧
  home_wnd.cpp
c:\users\jhp19\documents\visual studio 2015\myself\duilibproject\projects\duilib\core\uimanager.h(45): warning C4091: “typedef ”: 没有声明变量时忽略“DuiLib::EVENTTYPE_UI”的左侧
c:\users\jhp19\documents\visual studio 2015\myself\duilibproject\projects\aboutmemory\home_wnd.cpp(22): warning C4390: “;”: 找到空的受控语句；这是否是有意的?
  config_file_manage.cpp
c:\users\jhp19\documents\visual studio 2015\myself\duilibproject\projects\duilib\core\uimanager.h(45): warning C4091: “typedef ”: 没有声明变量时忽略“DuiLib::EVENTTYPE_UI”的左侧
  add_object_wnd.cpp
c:\users\jhp19\documents\visual studio 2015\myself\duilibproject\projects\duilib\core\uimanager.h(45): warning C4091: “typedef ”: 没有声明变量时忽略“DuiLib::EVENTTYPE_UI”的左侧
  add_card_wnd.cpp
c:\users\jhp19\documents\visual studio 2015\myself\duilibproject\projects\duilib\core\uimanager.h(45): warning C4091: “typedef ”: 没有声明变量时忽略“DuiLib::EVENTTYPE_UI”的左侧
  正在生成代码...
c:\users\jhp19\documents\visual studio 2015\myself\duilibproject\projects\aboutmemory\add_card_wnd.cpp(175): warning C4172: 返回局部变量或临时变量的地址: str_sys_time
  AboutMemory.vcxproj -> C:\Users\jhp19\Documents\Visual Studio 2015\Myself\DuilibProject\ProjectS\AboutMemory\..\build\AboutMemory\AboutMemory.exe
