生成启动时间为 16-1-7 9:17:07。
     1>项目“D:\OneDrive\Code\DuilibProject\ProjectS\MemoryCard\MemoryCard.vcxproj”在节点 2 上(Build 个目标)。
     1>ClCompile:
         D:\Program\Microsoft Visual Studio 14.0\VC\bin\CL.exe /c /ZI /nologo /W3 /WX- /sdl /Od /Oy- /D WIN32 /D _DEBUG /D _WINDOWS /D _USE_DUILIB_LIB /D _WINDLL /D _UNICODE /D UNICODE /Gm /EHsc /RTC1 /MTd /GS /fp:precise /Zc:wchar_t /Zc:forScope /Zc:inline /Fo"..\build\AboutMemory\obj\AboutMemory\\" /Fd"..\build\AboutMemory\obj\AboutMemory\vc140.pdb" /Gd /TP /analyze- /errorReport:prompt login_or_logon.cpp
         login_or_logon.cpp
     1>d:\onedrive\code\duilibproject\projects\duilib\core\uimanager.h(45): warning C4091: “typedef ”: 没有声明变量时忽略“DuiLib::EVENTTYPE_UI”的左侧
       Link:
         D:\Program\Microsoft Visual Studio 14.0\VC\bin\link.exe /ERRORREPORT:PROMPT /OUT:"..\build\AboutMemory\AboutMemory.exe" /INCREMENTAL /NOLOGO kernel32.lib user32.lib gdi32.lib winspool.lib comdlg32.lib advapi32.lib shell32.lib ole32.lib oleaut32.lib uuid.lib odbc32.lib odbccp32.lib /MANIFEST /MANIFESTUAC:"level='asInvoker' uiAccess='false'" /manifest:embed /Debug /PDB:"..\build\AboutMemory\AboutMemory.pdb" /SUBSYSTEM:WINDOWS /TLBID:1 /DYNAMICBASE /NXCOMPAT /IMPLIB:"..\build\AboutMemory\AboutMemory.lib" /MACHINE:X86 ..\build\AboutMemory\obj\AboutMemory\home_wnd.obj
         ..\build\AboutMemory\obj\AboutMemory\manager.obj
         ..\build\AboutMemory\obj\AboutMemory\inlet_function.obj
         ..\build\AboutMemory\obj\AboutMemory\login_or_logon.obj
         ..\build\AboutMemory\obj\AboutMemory\native_control_ui.obj
         ..\build\AboutMemory\obj\AboutMemory\window_impl_base.obj
         ..\build\AboutMemory\obj\AboutMemory\xml_manager.obj
         MemoryCard.vcxproj -> D:\OneDrive\Code\DuilibProject\ProjectS\MemoryCard\..\build\AboutMemory\AboutMemory.exe
     1>已完成生成项目“D:\OneDrive\Code\DuilibProject\ProjectS\MemoryCard\MemoryCard.vcxproj”(Build 个目标)的操作。

项目性能摘要:
     2186 毫秒 D:\OneDrive\Code\DuilibProject\ProjectS\MemoryCard\MemoryCard.vcxproj   1 次调用
               2186 毫秒 Build                                      1 次调用

目标性能摘要:
        0 毫秒 AfterBuild                                 1 次调用
        0 毫秒 ResolveReferences                          1 次调用
        0 毫秒 SelectClCompile                            1 次调用
        0 毫秒 GetCopyToOutputDirectoryXamlAppDefs        1 次调用
        0 毫秒 _CheckForCompileOutputs                    1 次调用
        0 毫秒 GetResolvedWinMD                           1 次调用
        0 毫秒 _Manifest                                  1 次调用
        0 毫秒 _SelectedFiles                             1 次调用
        0 毫秒 _PrepareForBuild                           1 次调用
        0 毫秒 ComputeManifestGeneratedLinkerInputs       1 次调用
        0 毫秒 _Midl                                      1 次调用
        0 毫秒 _ClCompile                                 1 次调用
        0 毫秒 FixupCLCompileOptions                      1 次调用
        0 毫秒 GetReferenceAssemblyPaths                  1 次调用
        0 毫秒 CreateCustomManifestResourceNames          1 次调用
        0 毫秒 BeforeLink                                 1 次调用
        0 毫秒 ComputeCLInputPDBName                      1 次调用
        0 毫秒 AfterBuildCompileEvent                     1 次调用
        0 毫秒 _BuildLinkAction                           1 次调用
        0 毫秒 SelectCustomBuild                          1 次调用
        0 毫秒 ComputeCLCompileGeneratedXDCFiles          1 次调用
        0 毫秒 AfterBuildGenerateSources                  1 次调用
        0 毫秒 ExpandSDKReferences                        1 次调用
        0 毫秒 BuildGenerateSources                       1 次调用
        0 毫秒 _CopySourceItemsToOutputDirectory          1 次调用
        0 毫秒 ComputeLinkImportLibraryOutputsForClean    1 次调用
        0 毫秒 GetFrameworkPaths                          1 次调用
        0 毫秒 AfterResourceCompile                       1 次调用
        0 毫秒 _Xsd                                       1 次调用
        0 毫秒 MakeDirsForBscMake                         1 次调用
        0 毫秒 ComputeLinkSwitches                        1 次调用
        0 毫秒 _GenerateSatelliteAssemblyInputs           1 次调用
        0 毫秒 _ResourceCompile                           1 次调用
        0 毫秒 ComputeLinkInputsFromProject               1 次调用
        0 毫秒 Build                                      1 次调用
        0 毫秒 _Link                                      1 次调用
        0 毫秒 BuildLinkTraverse                          1 次调用
        0 毫秒 ComputeManifestInputsTargets               1 次调用
        0 毫秒 ComputeRCOutputs                           1 次调用
        0 毫秒 _XdcMake                                   1 次调用
        0 毫秒 CreateSatelliteAssemblies                  1 次调用
        0 毫秒 CopyFilesToOutputDirectory                 1 次调用
        0 毫秒 BeforeResourceCompile                      1 次调用
        0 毫秒 AfterMidl                                  1 次调用
        0 毫秒 ComputeMIDLGeneratedCompileInputs          1 次调用
        0 毫秒 _Deploy                                    1 次调用
        0 毫秒 ResolveSDKReferences                       1 次调用
        0 毫秒 BeforeClCompile                            1 次调用
        0 毫秒 ComputeCLOutputs                           1 次调用
        0 毫秒 AfterResolveReferences                     1 次调用
        0 毫秒 BeforeResolveReferences                    1 次调用
        0 毫秒 _SplitProjectReferencesByFileExistence     1 次调用
        0 毫秒 PreLinkEvent                               1 次调用
        0 毫秒 ComputeReferenceCLInput                    1 次调用
        0 毫秒 PrepareForRun                              1 次调用
        0 毫秒 PreBuildEvent                              1 次调用
        0 毫秒 MakeDirsForMidl                            1 次调用
        0 毫秒 _BscMake                                   1 次调用
        0 毫秒 _Appverifier                               1 次调用
        0 毫秒 RegisterOutput                             1 次调用
        0 毫秒 _BuildGenerateSourcesAction                1 次调用
        0 毫秒 BuildLink                                  1 次调用
        0 毫秒 ComputeCLCompileGeneratedSbrFiles          1 次调用
        0 毫秒 PrepareResourceNames                       1 次调用
        0 毫秒 AfterLink                                  1 次调用
        0 毫秒 AfterBuildGenerateSourcesEvent             1 次调用
        0 毫秒 ComputeRCGeneratedLinkInputs               1 次调用
        0 毫秒 ComputeLegacyManifestEmbedding             1 次调用
        0 毫秒 AfterClCompile                             1 次调用
        0 毫秒 SplitResourcesByCulture                    1 次调用
        0 毫秒 BuildGenerateSourcesTraverse               1 次调用
        0 毫秒 ResolvedXDCMake                            1 次调用
        0 毫秒 PlatformPrepareForBuild                    1 次调用
        0 毫秒 _ALink                                     1 次调用
        0 毫秒 GetInstalledSDKLocations                   1 次调用
        0 毫秒 _BuildCompileAction                        1 次调用
        0 毫秒 BuildCompile                               1 次调用
        0 毫秒 MakeDirsForXdcMake                         1 次调用
        1 毫秒 _PrepareForReferenceResolution             1 次调用
        1 毫秒 ComputeCustomBuildOutput                   1 次调用
        1 毫秒 SetBuildDefaultEnvironmentVariables        1 次调用
        1 毫秒 GetCopyToOutputDirectoryItems              1 次调用
        1 毫秒 AssignTargetPaths                          1 次调用
        1 毫秒 ComputeCLGeneratedLinkInputs               1 次调用
        1 毫秒 ResolveAssemblyReferences                  1 次调用
        1 毫秒 AssignProjectConfiguration                 1 次调用
        1 毫秒 BeforeBuildGenerateSources                 1 次调用
        1 毫秒 BuildCompileTraverse                       1 次调用
        1 毫秒 PostBuildEvent                             1 次调用
        1 毫秒 MakeDirsForResourceCompile                 1 次调用
        1 毫秒 ResolveProjectReferences                   1 次调用
        1 毫秒 MakeDirsForCl                              1 次调用
        1 毫秒 MakeDirsForLink                            1 次调用
        1 毫秒 FinalizeBuildStatus                        1 次调用
        1 毫秒 DoLinkOutputFilesMatch                     1 次调用
        2 毫秒 WarnCompileDuplicatedFilename              1 次调用
        3 毫秒 PrepareForBuild                            1 次调用
        4 毫秒 _CheckForInvalidConfigurationAndPlatform   1 次调用
        5 毫秒 SetCABuildNativeEnvironmentVariables       1 次调用
       13 毫秒 InitializeBuildStatus                      1 次调用
      595 毫秒 Link                                       1 次调用
     1527 毫秒 ClCompile                                  1 次调用

已成功生成。

已用时间 00:00:02.18
